[2022-09-30T01:07:33.443Z] Log level: Info
[2022-09-30T01:07:33.451Z] [info] Validating found git in: git
[2022-09-30T01:07:33.495Z] [info] Using git 2.25.1 from git
[2022-09-30T01:07:33.553Z] > git rev-parse --show-toplevel [41ms]
[2022-09-30T01:07:33.656Z] > git rev-parse --git-dir --git-common-dir [33ms]
[2022-09-30T01:07:33.662Z] [info] Open repository: /home/julio
[2022-09-30T01:07:33.820Z] > git status -z -uall [151ms]
[2022-09-30T01:07:33.828Z] > git symbolic-ref --short HEAD [4ms]
[2022-09-30T01:07:33.834Z] > git for-each-ref --format=%(refname)%00%(upstream:short)%00%(objectname)%00%(upstream:track)%00%(upstream:remotename)%00%(upstream:remoteref) refs/heads/master refs/remotes/master [1ms]
[2022-09-30T01:07:33.844Z] > git remote --verbose [1ms]
[2022-09-30T01:07:33.845Z] > git for-each-ref --sort -committerdate --format %(refname) %(objectname) %(*objectname) [6ms]
[2022-09-30T01:07:33.944Z] > git config --get commit.template [3ms]
[2022-09-30T01:07:34.361Z] > git status -z -uall [411ms]
[2022-09-30T01:07:34.367Z] > git check-ignore -v -z --stdin [11ms]
[2022-09-30T01:07:34.368Z] > git symbolic-ref --short HEAD [1ms]
[2022-09-30T01:07:34.372Z] > git for-each-ref --format=%(refname)%00%(upstream:short)%00%(objectname)%00%(upstream:track)%00%(upstream:remotename)%00%(upstream:remoteref) refs/heads/master refs/remotes/master [0ms]
[2022-09-30T01:07:34.380Z] > git remote --verbose [1ms]
[2022-09-30T01:07:34.381Z] > git for-each-ref --sort -committerdate --format %(refname) %(objectname) %(*objectname) [5ms]
[2022-09-30T01:07:34.430Z] > git config --get commit.template [6ms]
[2022-09-30T01:07:36.976Z] > git status -z -uall [56ms]
[2022-09-30T01:07:36.981Z] > git symbolic-ref --short HEAD [1ms]
[2022-09-30T01:07:36.986Z] > git for-each-ref --format=%(refname)%00%(upstream:short)%00%(objectname)%00%(upstream:track)%00%(upstream:remotename)%00%(upstream:remoteref) refs/heads/master refs/remotes/master [1ms]
[2022-09-30T01:07:36.993Z] > git remote --verbose [1ms]
[2022-09-30T01:07:36.993Z] > git for-each-ref --sort -committerdate --format %(refname) %(objectname) %(*objectname) [4ms]
[2022-09-30T01:07:37.026Z] > git config --get commit.template [0ms]
[2022-09-30T01:07:40.033Z] > git show --textconv :programa1.cpp [12ms]
[2022-09-30T01:07:40.033Z] > git ls-files --stage -- /home/julio/programa1.cpp [6ms]
[2022-09-30T01:07:40.042Z] > git cat-file -s 961992497a61485246a1faa2e7d108cf82d01b78 [3ms]
[2022-09-30T01:07:41.768Z] > git show --textconv :programa1.cpp [7ms]
[2022-09-30T01:07:41.769Z] > git ls-files --stage -- /home/julio/programa1.cpp [2ms]
[2022-09-30T01:07:41.775Z] > git cat-file -s 961992497a61485246a1faa2e7d108cf82d01b78 [1ms]
[2022-09-30T01:07:42.108Z] > git status -z -uall [75ms]
[2022-09-30T01:07:42.115Z] > git symbolic-ref --short HEAD [1ms]
[2022-09-30T01:07:42.122Z] > git for-each-ref --format=%(refname)%00%(upstream:short)%00%(objectname)%00%(upstream:track)%00%(upstream:remotename)%00%(upstream:remoteref) refs/heads/master refs/remotes/master [1ms]
[2022-09-30T01:07:42.134Z] > git for-each-ref --sort -committerdate --format %(refname) %(objectname) %(*objectname) [6ms]
[2022-09-30T01:07:42.135Z] > git remote --verbose [2ms]
[2022-09-30T01:07:42.173Z] > git config --get commit.template [0ms]
[2022-09-30T01:07:49.116Z] > git status -z -uall [180ms]
[2022-09-30T01:07:49.121Z] > git symbolic-ref --short HEAD [1ms]
[2022-09-30T01:07:49.141Z] > git for-each-ref --format=%(refname)%00%(upstream:short)%00%(objectname)%00%(upstream:track)%00%(upstream:remotename)%00%(upstream:remoteref) refs/heads/master refs/remotes/master [1ms]
[2022-09-30T01:07:49.150Z] > git for-each-ref --sort -committerdate --format %(refname) %(objectname) %(*objectname) [5ms]
[2022-09-30T01:07:49.150Z] > git remote --verbose [1ms]
[2022-09-30T01:07:49.180Z] > git config --get commit.template [1ms]
[2022-09-30T01:07:49.542Z] > git check-ignore -v -z --stdin [29ms]
[2022-09-30T01:07:53.444Z] > git check-ignore -v -z --stdin [1ms]
[2022-09-30T01:07:54.367Z] > git status -z -uall [169ms]
[2022-09-30T01:07:54.372Z] > git symbolic-ref --short HEAD [0ms]
[2022-09-30T01:07:54.378Z] > git for-each-ref --format=%(refname)%00%(upstream:short)%00%(objectname)%00%(upstream:track)%00%(upstream:remotename)%00%(upstream:remoteref) refs/heads/master refs/remotes/master [1ms]
[2022-09-30T01:07:54.387Z] > git remote --verbose [1ms]
[2022-09-30T01:07:54.387Z] > git for-each-ref --sort -committerdate --format %(refname) %(objectname) %(*objectname) [5ms]
[2022-09-30T01:07:54.417Z] > git config --get commit.template [4ms]
[2022-09-30T01:07:59.577Z] > git show --textconv :.bash_history [38ms]
[2022-09-30T01:07:59.577Z] > git ls-files --stage -- /home/julio/.bash_history [1ms]
[2022-09-30T01:07:59.583Z] > git cat-file -s 7b7f390b53434ff69b38f77ee7b80a49b9c1dd3a [0ms]
[2022-09-30T01:07:59.636Z] > git status -z -uall [199ms]
[2022-09-30T01:07:59.642Z] > git symbolic-ref --short HEAD [1ms]
[2022-09-30T01:07:59.648Z] > git for-each-ref --format=%(refname)%00%(upstream:short)%00%(objectname)%00%(upstream:track)%00%(upstream:remotename)%00%(upstream:remoteref) refs/heads/master refs/remotes/master [0ms]
[2022-09-30T01:07:59.659Z] > git remote --verbose [1ms]
[2022-09-30T01:07:59.659Z] > git for-each-ref --sort -committerdate --format %(refname) %(objectname) %(*objectname) [6ms]
[2022-09-30T01:07:59.693Z] > git config --get commit.template [6ms]
[2022-09-30T01:08:05.819Z] > git status -z -uall [192ms]
[2022-09-30T01:08:05.826Z] > git symbolic-ref --short HEAD [1ms]
[2022-09-30T01:08:05.834Z] > git for-each-ref --format=%(refname)%00%(upstream:short)%00%(objectname)%00%(upstream:track)%00%(upstream:remotename)%00%(upstream:remoteref) refs/heads/master refs/remotes/master [0ms]
[2022-09-30T01:08:05.846Z] > git remote --verbose [1ms]
[2022-09-30T01:08:05.847Z] > git for-each-ref --sort -committerdate --format %(refname) %(objectname) %(*objectname) [6ms]
[2022-09-30T01:08:05.880Z] > git config --get commit.template [1ms]
[2022-09-30T01:08:07.062Z] > git check-ignore -v -z --stdin [1ms]
[2022-09-30T01:08:11.049Z] > git status -z -uall [161ms]
[2022-09-30T01:08:11.056Z] > git symbolic-ref --short HEAD [1ms]
[2022-09-30T01:08:11.062Z] > git for-each-ref --format=%(refname)%00%(upstream:short)%00%(objectname)%00%(upstream:track)%00%(upstream:remotename)%00%(upstream:remoteref) refs/heads/master refs/remotes/master [1ms]
[2022-09-30T01:08:11.073Z] > git remote --verbose [1ms]
[2022-09-30T01:08:11.073Z] > git for-each-ref --sort -committerdate --format %(refname) %(objectname) %(*objectname) [6ms]
[2022-09-30T01:08:11.102Z] > git config --get commit.template [0ms]
[2022-09-30T01:08:17.655Z] > git status -z -uall [203ms]
[2022-09-30T01:08:17.661Z] > git symbolic-ref --short HEAD [1ms]
[2022-09-30T01:08:17.668Z] > git for-each-ref --format=%(refname)%00%(upstream:short)%00%(objectname)%00%(upstream:track)%00%(upstream:remotename)%00%(upstream:remoteref) refs/heads/master refs/remotes/master [1ms]
[2022-09-30T01:08:17.681Z] > git remote --verbose [1ms]
[2022-09-30T01:08:17.681Z] > git for-each-ref --sort -committerdate --format %(refname) %(objectname) %(*objectname) [7ms]
[2022-09-30T01:08:17.713Z] > git config --get commit.template [2ms]
[2022-09-30T01:08:22.882Z] > git status -z -uall [159ms]
[2022-09-30T01:08:22.889Z] > git symbolic-ref --short HEAD [1ms]
[2022-09-30T01:08:22.896Z] > git for-each-ref --format=%(refname)%00%(upstream:short)%00%(objectname)%00%(upstream:track)%00%(upstream:remotename)%00%(upstream:remoteref) refs/heads/master refs/remotes/master [1ms]
[2022-09-30T01:08:22.921Z] > git remote --verbose [1ms]
[2022-09-30T01:08:22.921Z] > git for-each-ref --sort -committerdate --format %(refname) %(objectname) %(*objectname) [19ms]
[2022-09-30T01:08:22.948Z] > git config --get commit.template [0ms]
[2022-09-30T01:08:28.119Z] > git status -z -uall [162ms]
[2022-09-30T01:08:28.127Z] > git symbolic-ref --short HEAD [2ms]
[2022-09-30T01:08:28.134Z] > git for-each-ref --format=%(refname)%00%(upstream:short)%00%(objectname)%00%(upstream:track)%00%(upstream:remotename)%00%(upstream:remoteref) refs/heads/master refs/remotes/master [1ms]
[2022-09-30T01:08:28.152Z] > git for-each-ref --sort -committerdate --format %(refname) %(objectname) %(*objectname) [11ms]
[2022-09-30T01:08:28.152Z] > git remote --verbose [2ms]
[2022-09-30T01:08:28.180Z] > git config --get commit.template [1ms]
[2022-09-30T01:08:33.364Z] > git status -z -uall [174ms]
[2022-09-30T01:08:33.371Z] > git symbolic-ref --short HEAD [0ms]
[2022-09-30T01:08:33.379Z] > git for-each-ref --format=%(refname)%00%(upstream:short)%00%(objectname)%00%(upstream:track)%00%(upstream:remotename)%00%(upstream:remoteref) refs/heads/master refs/remotes/master [1ms]
[2022-09-30T01:08:33.392Z] > git remote --verbose [1ms]
[2022-09-30T01:08:33.392Z] > git for-each-ref --sort -committerdate --format %(refname) %(objectname) %(*objectname) [7ms]
[2022-09-30T01:08:33.419Z] > git config --get commit.template [0ms]
[2022-09-30T01:08:38.441Z] > git status -z -uall [11ms]
[2022-09-30T01:08:38.448Z] > git symbolic-ref --short HEAD [0ms]
[2022-09-30T01:08:38.456Z] > git for-each-ref --format=%(refname)%00%(upstream:short)%00%(objectname)%00%(upstream:track)%00%(upstream:remotename)%00%(upstream:remoteref) refs/heads/master refs/remotes/master [1ms]
[2022-09-30T01:08:38.470Z] > git remote --verbose [1ms]
[2022-09-30T01:08:38.470Z] > git for-each-ref --sort -committerdate --format %(refname) %(objectname) %(*objectname) [8ms]
[2022-09-30T01:08:38.506Z] > git config --get commit.template [1ms]
[2022-09-30T01:08:43.528Z] > git status -z -uall [11ms]
[2022-09-30T01:08:43.538Z] > git symbolic-ref --short HEAD [0ms]
[2022-09-30T01:08:43.545Z] > git for-each-ref --format=%(refname)%00%(upstream:short)%00%(objectname)%00%(upstream:track)%00%(upstream:remotename)%00%(upstream:remoteref) refs/heads/master refs/remotes/master [0ms]
[2022-09-30T01:08:43.561Z] > git remote --verbose [1ms]
[2022-09-30T01:08:43.561Z] > git for-each-ref --sort -committerdate --format %(refname) %(objectname) %(*objectname) [8ms]
[2022-09-30T01:08:43.588Z] > git config --get commit.template [0ms]
[2022-09-30T01:08:48.615Z] > git status -z -uall [14ms]
[2022-09-30T01:08:48.624Z] > git symbolic-ref --short HEAD [1ms]
[2022-09-30T01:08:48.632Z] > git for-each-ref --format=%(refname)%00%(upstream:short)%00%(objectname)%00%(upstream:track)%00%(upstream:remotename)%00%(upstream:remoteref) refs/heads/master refs/remotes/master [1ms]
[2022-09-30T01:08:48.647Z] > git remote --verbose [1ms]
[2022-09-30T01:08:48.648Z] > git for-each-ref --sort -committerdate --format %(refname) %(objectname) %(*objectname) [8ms]
[2022-09-30T01:08:48.676Z] > git config --get commit.template [1ms]
[2022-09-30T01:08:53.700Z] > git status -z -uall [13ms]
[2022-09-30T01:08:53.708Z] > git symbolic-ref --short HEAD [0ms]
[2022-09-30T01:08:53.717Z] > git for-each-ref --format=%(refname)%00%(upstream:short)%00%(objectname)%00%(upstream:track)%00%(upstream:remotename)%00%(upstream:remoteref) refs/heads/master refs/remotes/master [1ms]
[2022-09-30T01:08:53.733Z] > git remote --verbose [0ms]
[2022-09-30T01:08:53.733Z] > git for-each-ref --sort -committerdate --format %(refname) %(objectname) %(*objectname) [9ms]
[2022-09-30T01:08:53.762Z] > git config --get commit.template [1ms]
[2022-09-30T01:08:58.784Z] > git status -z -uall [13ms]
[2022-09-30T01:08:58.792Z] > git symbolic-ref --short HEAD [1ms]
[2022-09-30T01:08:58.801Z] > git for-each-ref --format=%(refname)%00%(upstream:short)%00%(objectname)%00%(upstream:track)%00%(upstream:remotename)%00%(upstream:remoteref) refs/heads/master refs/remotes/master [1ms]
[2022-09-30T01:08:58.834Z] > git remote --verbose [1ms]
[2022-09-30T01:08:58.835Z] > git for-each-ref --sort -committerdate --format %(refname) %(objectname) %(*objectname) [27ms]
[2022-09-30T01:08:58.865Z] > git config --get commit.template [2ms]
[2022-09-30T01:09:03.888Z] > git status -z -uall [12ms]
[2022-09-30T01:09:03.898Z] > git symbolic-ref --short HEAD [1ms]
[2022-09-30T01:09:03.907Z] > git for-each-ref --format=%(refname)%00%(upstream:short)%00%(objectname)%00%(upstream:track)%00%(upstream:remotename)%00%(upstream:remoteref) refs/heads/master refs/remotes/master [1ms]
[2022-09-30T01:09:03.960Z] > git remote --verbose [1ms]
[2022-09-30T01:09:03.960Z] > git for-each-ref --sort -committerdate --format %(refname) %(objectname) %(*objectname) [45ms]
[2022-09-30T01:09:04.029Z] > git config --get commit.template [2ms]
[2022-09-30T01:09:09.051Z] > git status -z -uall [11ms]
[2022-09-30T01:09:09.059Z] > git symbolic-ref --short HEAD [2ms]
[2022-09-30T01:09:09.066Z] > git for-each-ref --format=%(refname)%00%(upstream:short)%00%(objectname)%00%(upstream:track)%00%(upstream:remotename)%00%(upstream:remoteref) refs/heads/master refs/remotes/master [0ms]
[2022-09-30T01:09:09.079Z] > git remote --verbose [1ms]
[2022-09-30T01:09:09.079Z] > git for-each-ref --sort -committerdate --format %(refname) %(objectname) %(*objectname) [7ms]
[2022-09-30T01:09:09.109Z] > git config --get commit.template [1ms]
[2022-09-30T01:09:14.137Z] > git status -z -uall [19ms]
[2022-09-30T01:09:14.144Z] > git symbolic-ref --short HEAD [1ms]
[2022-09-30T01:09:14.150Z] > git for-each-ref --format=%(refname)%00%(upstream:short)%00%(objectname)%00%(upstream:track)%00%(upstream:remotename)%00%(upstream:remoteref) refs/heads/master refs/remotes/master [1ms]
[2022-09-30T01:09:14.160Z] > git remote --verbose [1ms]
[2022-09-30T01:09:14.160Z] > git for-each-ref --sort -committerdate --format %(refname) %(objectname) %(*objectname) [5ms]
[2022-09-30T01:09:14.188Z] > git config --get commit.template [1ms]
[2022-09-30T01:09:19.209Z] > git status -z -uall [14ms]
[2022-09-30T01:09:19.214Z] > git symbolic-ref --short HEAD [0ms]
[2022-09-30T01:09:19.220Z] > git for-each-ref --format=%(refname)%00%(upstream:short)%00%(objectname)%00%(upstream:track)%00%(upstream:remotename)%00%(upstream:remoteref) refs/heads/master refs/remotes/master [1ms]
[2022-09-30T01:09:19.231Z] > git remote --verbose [1ms]
[2022-09-30T01:09:19.231Z] > git for-each-ref --sort -committerdate --format %(refname) %(objectname) %(*objectname) [6ms]
[2022-09-30T01:09:19.266Z] > git config --get commit.template [1ms]
[2022-09-30T01:09:24.284Z] > git status -z -uall [12ms]
[2022-09-30T01:09:24.289Z] > git symbolic-ref --short HEAD [1ms]
[2022-09-30T01:09:24.295Z] > git for-each-ref --format=%(refname)%00%(upstream:short)%00%(objectname)%00%(upstream:track)%00%(upstream:remotename)%00%(upstream:remoteref) refs/heads/master refs/remotes/master [1ms]
[2022-09-30T01:09:24.305Z] > git remote --verbose [1ms]
[2022-09-30T01:09:24.305Z] > git for-each-ref --sort -committerdate --format %(refname) %(objectname) %(*objectname) [6ms]
[2022-09-30T01:09:24.332Z] > git config --get commit.template [0ms]
[2022-09-30T01:09:29.385Z] > git status -z -uall [12ms]
[2022-09-30T01:09:29.392Z] > git symbolic-ref --short HEAD [0ms]
[2022-09-30T01:09:29.398Z] > git for-each-ref --format=%(refname)%00%(upstream:short)%00%(objectname)%00%(upstream:track)%00%(upstream:remotename)%00%(upstream:remoteref) refs/heads/master refs/remotes/master [1ms]
[2022-09-30T01:09:29.409Z] > git remote --verbose [1ms]
[2022-09-30T01:09:29.409Z] > git for-each-ref --sort -committerdate --format %(refname) %(objectname) %(*objectname) [6ms]
[2022-09-30T01:09:29.439Z] > git config --get commit.template [0ms]
[2022-09-30T01:09:34.465Z] > git status -z -uall [12ms]
[2022-09-30T01:09:34.472Z] > git symbolic-ref --short HEAD [0ms]
[2022-09-30T01:09:34.479Z] > git for-each-ref --format=%(refname)%00%(upstream:short)%00%(objectname)%00%(upstream:track)%00%(upstream:remotename)%00%(upstream:remoteref) refs/heads/master refs/remotes/master [1ms]
[2022-09-30T01:09:34.489Z] > git remote --verbose [1ms]
[2022-09-30T01:09:34.489Z] > git for-each-ref --sort -committerdate --format %(refname) %(objectname) %(*objectname) [5ms]
[2022-09-30T01:09:34.517Z] > git config --get commit.template [1ms]
[2022-09-30T01:09:39.541Z] > git status -z -uall [14ms]
[2022-09-30T01:09:39.547Z] > git symbolic-ref --short HEAD [1ms]
[2022-09-30T01:09:39.554Z] > git for-each-ref --format=%(refname)%00%(upstream:short)%00%(objectname)%00%(upstream:track)%00%(upstream:remotename)%00%(upstream:remoteref) refs/heads/master refs/remotes/master [1ms]
[2022-09-30T01:09:39.567Z] > git remote --verbose [1ms]
[2022-09-30T01:09:39.568Z] > git for-each-ref --sort -committerdate --format %(refname) %(objectname) %(*objectname) [8ms]
[2022-09-30T01:09:39.645Z] > git config --get commit.template [12ms]
[2022-09-30T01:09:44.668Z] > git status -z -uall [13ms]
[2022-09-30T01:09:44.674Z] > git symbolic-ref --short HEAD [1ms]
[2022-09-30T01:09:44.680Z] > git for-each-ref --format=%(refname)%00%(upstream:short)%00%(objectname)%00%(upstream:track)%00%(upstream:remotename)%00%(upstream:remoteref) refs/heads/master refs/remotes/master [1ms]
[2022-09-30T01:09:44.691Z] > git remote --verbose [1ms]
[2022-09-30T01:09:44.691Z] > git for-each-ref --sort -committerdate --format %(refname) %(objectname) %(*objectname) [6ms]
[2022-09-30T01:09:44.718Z] > git config --get commit.template [1ms]
[2022-09-30T01:10:02.223Z] > git status -z -uall [19ms]
[2022-09-30T01:10:02.230Z] > git symbolic-ref --short HEAD [1ms]
[2022-09-30T01:10:02.237Z] > git for-each-ref --format=%(refname)%00%(upstream:short)%00%(objectname)%00%(upstream:track)%00%(upstream:remotename)%00%(upstream:remoteref) refs/heads/master refs/remotes/master [1ms]
[2022-09-30T01:10:02.249Z] > git remote --verbose [1ms]
[2022-09-30T01:10:02.249Z] > git for-each-ref --sort -committerdate --format %(refname) %(objectname) %(*objectname) [5ms]
[2022-09-30T01:10:02.301Z] > git config --get commit.template [2ms]
[2022-09-30T01:10:07.318Z] > git status -z -uall [11ms]
[2022-09-30T01:10:07.324Z] > git symbolic-ref --short HEAD [1ms]
[2022-09-30T01:10:07.330Z] > git for-each-ref --format=%(refname)%00%(upstream:short)%00%(objectname)%00%(upstream:track)%00%(upstream:remotename)%00%(upstream:remoteref) refs/heads/master refs/remotes/master [1ms]
[2022-09-30T01:10:07.339Z] > git remote --verbose [1ms]
[2022-09-30T01:10:07.339Z] > git for-each-ref --sort -committerdate --format %(refname) %(objectname) %(*objectname) [5ms]
[2022-09-30T01:10:07.370Z] > git config --get commit.template [1ms]
[2022-09-30T01:10:12.398Z] > git status -z -uall [13ms]
[2022-09-30T01:10:12.405Z] > git symbolic-ref --short HEAD [2ms]
[2022-09-30T01:10:12.411Z] > git for-each-ref --format=%(refname)%00%(upstream:short)%00%(objectname)%00%(upstream:track)%00%(upstream:remotename)%00%(upstream:remoteref) refs/heads/master refs/remotes/master [1ms]
[2022-09-30T01:10:12.423Z] > git remote --verbose [1ms]
[2022-09-30T01:10:12.423Z] > git for-each-ref --sort -committerdate --format %(refname) %(objectname) %(*objectname) [6ms]
[2022-09-30T01:10:12.474Z] > git config --get commit.template [10ms]
[2022-09-30T01:10:17.497Z] > git status -z -uall [13ms]
[2022-09-30T01:10:17.504Z] > git symbolic-ref --short HEAD [1ms]
[2022-09-30T01:10:17.510Z] > git for-each-ref --format=%(refname)%00%(upstream:short)%00%(objectname)%00%(upstream:track)%00%(upstream:remotename)%00%(upstream:remoteref) refs/heads/master refs/remotes/master [0ms]
[2022-09-30T01:10:17.525Z] > git remote --verbose [1ms]
[2022-09-30T01:10:17.525Z] > git for-each-ref --sort -committerdate --format %(refname) %(objectname) %(*objectname) [8ms]
[2022-09-30T01:10:17.573Z] > git config --get commit.template [12ms]
[2022-09-30T01:10:22.593Z] > git status -z -uall [12ms]
[2022-09-30T01:10:22.600Z] > git symbolic-ref --short HEAD [1ms]
[2022-09-30T01:10:22.607Z] > git for-each-ref --format=%(refname)%00%(upstream:short)%00%(objectname)%00%(upstream:track)%00%(upstream:remotename)%00%(upstream:remoteref) refs/heads/master refs/remotes/master [1ms]
[2022-09-30T01:10:22.619Z] > git remote --verbose [1ms]
[2022-09-30T01:10:22.620Z] > git for-each-ref --sort -committerdate --format %(refname) %(objectname) %(*objectname) [7ms]
[2022-09-30T01:10:22.667Z] > git config --get commit.template [14ms]
[2022-09-30T01:10:27.724Z] > git status -z -uall [41ms]
[2022-09-30T01:10:27.731Z] > git symbolic-ref --short HEAD [1ms]
[2022-09-30T01:10:27.738Z] > git for-each-ref --format=%(refname)%00%(upstream:short)%00%(objectname)%00%(upstream:track)%00%(upstream:remotename)%00%(upstream:remoteref) refs/heads/master refs/remotes/master [1ms]
[2022-09-30T01:10:27.749Z] > git remote --verbose [1ms]
[2022-09-30T01:10:27.749Z] > git for-each-ref --sort -committerdate --format %(refname) %(objectname) %(*objectname) [6ms]
[2022-09-30T01:10:27.779Z] > git config --get commit.template [1ms]
[2022-09-30T01:10:32.803Z] > git status -z -uall [13ms]
[2022-09-30T01:10:32.809Z] > git symbolic-ref --short HEAD [1ms]
[2022-09-30T01:10:32.815Z] > git for-each-ref --format=%(refname)%00%(upstream:short)%00%(objectname)%00%(upstream:track)%00%(upstream:remotename)%00%(upstream:remoteref) refs/heads/master refs/remotes/master [1ms]
[2022-09-30T01:10:32.825Z] > git remote --verbose [1ms]
[2022-09-30T01:10:32.825Z] > git for-each-ref --sort -committerdate --format %(refname) %(objectname) %(*objectname) [5ms]
[2022-09-30T01:10:32.855Z] > git config --get commit.template [0ms]
[2022-09-30T01:10:37.897Z] > git status -z -uall [27ms]
[2022-09-30T01:10:37.905Z] > git symbolic-ref --short HEAD [1ms]
[2022-09-30T01:10:37.911Z] > git for-each-ref --format=%(refname)%00%(upstream:short)%00%(objectname)%00%(upstream:track)%00%(upstream:remotename)%00%(upstream:remoteref) refs/heads/master refs/remotes/master [0ms]
[2022-09-30T01:10:37.924Z] > git remote --verbose [1ms]
[2022-09-30T01:10:37.924Z] > git for-each-ref --sort -committerdate --format %(refname) %(objectname) %(*objectname) [6ms]
[2022-09-30T01:10:37.956Z] > git config --get commit.template [0ms]
[2022-09-30T01:10:41.051Z] > git check-ignore -v -z --stdin [2ms]
[2022-09-30T01:10:42.981Z] > git status -z -uall [13ms]
[2022-09-30T01:10:42.987Z] > git symbolic-ref --short HEAD [1ms]
[2022-09-30T01:10:42.993Z] > git for-each-ref --format=%(refname)%00%(upstream:short)%00%(objectname)%00%(upstream:track)%00%(upstream:remotename)%00%(upstream:remoteref) refs/heads/master refs/remotes/master [1ms]
[2022-09-30T01:10:43.003Z] > git remote --verbose [1ms]
[2022-09-30T01:10:43.003Z] > git for-each-ref --sort -committerdate --format %(refname) %(objectname) %(*objectname) [5ms]
[2022-09-30T01:10:43.033Z] > git config --get commit.template [2ms]
[2022-09-30T01:10:47.525Z] > git show --textconv :.bash_history [7ms]
[2022-09-30T01:10:47.526Z] > git ls-files --stage -- /home/julio/.bash_history [3ms]
[2022-09-30T01:10:47.602Z] > git cat-file -s 919fd05685be04d355031eba0638448f7becb7d4 [71ms]
[2022-09-30T01:10:48.080Z] > git status -z -uall [32ms]
[2022-09-30T01:10:48.089Z] > git symbolic-ref --short HEAD [2ms]
[2022-09-30T01:10:48.097Z] > git for-each-ref --format=%(refname)%00%(upstream:short)%00%(objectname)%00%(upstream:track)%00%(upstream:remotename)%00%(upstream:remoteref) refs/heads/master refs/remotes/master [1ms]
[2022-09-30T01:10:48.108Z] > git remote --verbose [1ms]
[2022-09-30T01:10:48.108Z] > git for-each-ref --sort -committerdate --format %(refname) %(objectname) %(*objectname) [5ms]
[2022-09-30T01:10:48.137Z] > git config --get commit.template [1ms]
[2022-09-30T01:10:53.158Z] > git status -z -uall [13ms]
[2022-09-30T01:10:53.164Z] > git symbolic-ref --short HEAD [1ms]
[2022-09-30T01:10:53.171Z] > git for-each-ref --format=%(refname)%00%(upstream:short)%00%(objectname)%00%(upstream:track)%00%(upstream:remotename)%00%(upstream:remoteref) refs/heads/master refs/remotes/master [1ms]
[2022-09-30T01:10:53.183Z] > git remote --verbose [1ms]
[2022-09-30T01:10:53.183Z] > git for-each-ref --sort -committerdate --format %(refname) %(objectname) %(*objectname) [6ms]
[2022-09-30T01:10:53.213Z] > git config --get commit.template [0ms]
[2022-09-30T01:10:58.232Z] > git status -z -uall [11ms]
[2022-09-30T01:10:58.238Z] > git symbolic-ref --short HEAD [1ms]
[2022-09-30T01:10:58.244Z] > git for-each-ref --format=%(refname)%00%(upstream:short)%00%(objectname)%00%(upstream:track)%00%(upstream:remotename)%00%(upstream:remoteref) refs/heads/master refs/remotes/master [1ms]
[2022-09-30T01:10:58.254Z] > git remote --verbose [1ms]
[2022-09-30T01:10:58.254Z] > git for-each-ref --sort -committerdate --format %(refname) %(objectname) %(*objectname) [5ms]
[2022-09-30T01:10:58.339Z] > git config --get commit.template [2ms]
[2022-09-30T01:11:02.492Z] > git ls-files --stage -- /home/julio/.bash_history [1ms]
[2022-09-30T01:11:02.499Z] > git cat-file -s 919fd05685be04d355031eba0638448f7becb7d4 [1ms]
[2022-09-30T01:11:02.512Z] > git show --textconv :.bash_history [2ms]
[2022-09-30T01:11:06.661Z] > git status -z -uall [17ms]
[2022-09-30T01:11:06.667Z] > git symbolic-ref --short HEAD [1ms]
[2022-09-30T01:11:06.675Z] > git for-each-ref --format=%(refname)%00%(upstream:short)%00%(objectname)%00%(upstream:track)%00%(upstream:remotename)%00%(upstream:remoteref) refs/heads/master refs/remotes/master [1ms]
[2022-09-30T01:11:06.687Z] > git remote --verbose [1ms]
[2022-09-30T01:11:06.688Z] > git for-each-ref --sort -committerdate --format %(refname) %(objectname) %(*objectname) [8ms]
[2022-09-30T01:11:06.717Z] > git config --get commit.template [1ms]
[2022-09-30T01:11:08.501Z] > git check-ignore -v -z --stdin [1ms]
[2022-09-30T01:11:11.736Z] > git status -z -uall [11ms]
[2022-09-30T01:11:11.741Z] > git symbolic-ref --short HEAD [0ms]
[2022-09-30T01:11:11.747Z] > git for-each-ref --format=%(refname)%00%(upstream:short)%00%(objectname)%00%(upstream:track)%00%(upstream:remotename)%00%(upstream:remoteref) refs/heads/master refs/remotes/master [0ms]
[2022-09-30T01:11:11.758Z] > git remote --verbose [1ms]
[2022-09-30T01:11:11.758Z] > git for-each-ref --sort -committerdate --format %(refname) %(objectname) %(*objectname) [6ms]
[2022-09-30T01:11:11.788Z] > git config --get commit.template [1ms]
[2022-09-30T01:11:16.834Z] > git status -z -uall [14ms]
[2022-09-30T01:11:16.840Z] > git symbolic-ref --short HEAD [1ms]
[2022-09-30T01:11:16.846Z] > git for-each-ref --format=%(refname)%00%(upstream:short)%00%(objectname)%00%(upstream:track)%00%(upstream:remotename)%00%(upstream:remoteref) refs/heads/master refs/remotes/master [1ms]
[2022-09-30T01:11:16.855Z] > git for-each-ref --sort -committerdate --format %(refname) %(objectname) %(*objectname) [5ms]
[2022-09-30T01:11:16.856Z] > git remote --verbose [1ms]
[2022-09-30T01:11:16.883Z] > git config --get commit.template [0ms]
[2022-09-30T01:11:21.906Z] > git status -z -uall [14ms]
[2022-09-30T01:11:21.911Z] > git symbolic-ref --short HEAD [1ms]
[2022-09-30T01:11:21.920Z] > git for-each-ref --format=%(refname)%00%(upstream:short)%00%(objectname)%00%(upstream:track)%00%(upstream:remotename)%00%(upstream:remoteref) refs/heads/master refs/remotes/master [1ms]
[2022-09-30T01:11:21.934Z] > git remote --verbose [1ms]
[2022-09-30T01:11:21.934Z] > git for-each-ref --sort -committerdate --format %(refname) %(objectname) %(*objectname) [8ms]
[2022-09-30T01:11:21.963Z] > git config --get commit.template [1ms]
[2022-09-30T01:11:26.983Z] > git status -z -uall [13ms]
[2022-09-30T01:11:26.989Z] > git symbolic-ref --short HEAD [0ms]
[2022-09-30T01:11:26.996Z] > git for-each-ref --format=%(refname)%00%(upstream:short)%00%(objectname)%00%(upstream:track)%00%(upstream:remotename)%00%(upstream:remoteref) refs/heads/master refs/remotes/master [1ms]
[2022-09-30T01:11:27.007Z] > git for-each-ref --sort -committerdate --format %(refname) %(objectname) %(*objectname) [6ms]
[2022-09-30T01:11:27.007Z] > git remote --verbose [1ms]
[2022-09-30T01:11:27.038Z] > git config --get commit.template [1ms]
[2022-09-30T01:11:32.063Z] > git status -z -uall [14ms]
[2022-09-30T01:11:32.069Z] > git symbolic-ref --short HEAD [0ms]
[2022-09-30T01:11:32.076Z] > git for-each-ref --format=%(refname)%00%(upstream:short)%00%(objectname)%00%(upstream:track)%00%(upstream:remotename)%00%(upstream:remoteref) refs/heads/master refs/remotes/master [1ms]
[2022-09-30T01:11:32.086Z] > git remote --verbose [1ms]
[2022-09-30T01:11:32.086Z] > git for-each-ref --sort -committerdate --format %(refname) %(objectname) %(*objectname) [5ms]
[2022-09-30T01:11:32.115Z] > git config --get commit.template [1ms]
[2022-09-30T01:11:37.137Z] > git status -z -uall [16ms]
[2022-09-30T01:11:37.146Z] > git symbolic-ref --short HEAD [1ms]
[2022-09-30T01:11:37.154Z] > git for-each-ref --format=%(refname)%00%(upstream:short)%00%(objectname)%00%(upstream:track)%00%(upstream:remotename)%00%(upstream:remoteref) refs/heads/master refs/remotes/master [0ms]
[2022-09-30T01:11:37.165Z] > git remote --verbose [1ms]
[2022-09-30T01:11:37.165Z] > git for-each-ref --sort -committerdate --format %(refname) %(objectname) %(*objectname) [6ms]
[2022-09-30T01:11:37.194Z] > git config --get commit.template [0ms]
[2022-09-30T01:11:42.212Z] > git status -z -uall [11ms]
[2022-09-30T01:11:42.218Z] > git symbolic-ref --short HEAD [1ms]
[2022-09-30T01:11:42.225Z] > git for-each-ref --format=%(refname)%00%(upstream:short)%00%(objectname)%00%(upstream:track)%00%(upstream:remotename)%00%(upstream:remoteref) refs/heads/master refs/remotes/master [1ms]
[2022-09-30T01:11:42.235Z] > git remote --verbose [1ms]
[2022-09-30T01:11:42.235Z] > git for-each-ref --sort -committerdate --format %(refname) %(objectname) %(*objectname) [5ms]
[2022-09-30T01:11:42.265Z] > git config --get commit.template [1ms]
[2022-09-30T01:11:47.293Z] > git status -z -uall [12ms]
[2022-09-30T01:11:47.300Z] > git symbolic-ref --short HEAD [1ms]
[2022-09-30T01:11:47.308Z] > git for-each-ref --format=%(refname)%00%(upstream:short)%00%(objectname)%00%(upstream:track)%00%(upstream:remotename)%00%(upstream:remoteref) refs/heads/master refs/remotes/master [0ms]
[2022-09-30T01:11:47.319Z] > git remote --verbose [1ms]
[2022-09-30T01:11:47.319Z] > git for-each-ref --sort -committerdate --format %(refname) %(objectname) %(*objectname) [6ms]
[2022-09-30T01:11:47.347Z] > git config --get commit.template [0ms]
[2022-09-30T01:11:52.379Z] > git status -z -uall [22ms]
[2022-09-30T01:11:52.386Z] > git symbolic-ref --short HEAD [1ms]
[2022-09-30T01:11:52.391Z] > git for-each-ref --format=%(refname)%00%(upstream:short)%00%(objectname)%00%(upstream:track)%00%(upstream:remotename)%00%(upstream:remoteref) refs/heads/master refs/remotes/master [0ms]
[2022-09-30T01:11:52.401Z] > git remote --verbose [0ms]
[2022-09-30T01:11:52.402Z] > git for-each-ref --sort -committerdate --format %(refname) %(objectname) %(*objectname) [6ms]
[2022-09-30T01:11:52.429Z] > git config --get commit.template [0ms]
[2022-09-30T01:11:57.449Z] > git status -z -uall [12ms]
[2022-09-30T01:11:57.455Z] > git symbolic-ref --short HEAD [1ms]
[2022-09-30T01:11:57.462Z] > git for-each-ref --format=%(refname)%00%(upstream:short)%00%(objectname)%00%(upstream:track)%00%(upstream:remotename)%00%(upstream:remoteref) refs/heads/master refs/remotes/master [1ms]
[2022-09-30T01:11:57.472Z] > git remote --verbose [1ms]
[2022-09-30T01:11:57.472Z] > git for-each-ref --sort -committerdate --format %(refname) %(objectname) %(*objectname) [5ms]
[2022-09-30T01:11:57.500Z] > git config --get commit.template [0ms]
[2022-09-30T01:12:03.827Z] > git status -z -uall [18ms]
[2022-09-30T01:12:03.837Z] > git symbolic-ref --short HEAD [1ms]
[2022-09-30T01:12:03.845Z] > git for-each-ref --format=%(refname)%00%(upstream:short)%00%(objectname)%00%(upstream:track)%00%(upstream:remotename)%00%(upstream:remoteref) refs/heads/master refs/remotes/master [1ms]
[2022-09-30T01:12:03.860Z] > git remote --verbose [1ms]
[2022-09-30T01:12:03.860Z] > git for-each-ref --sort -committerdate --format %(refname) %(objectname) %(*objectname) [8ms]
[2022-09-30T01:12:03.895Z] > git config --get commit.template [1ms]
[2022-09-30T01:12:08.912Z] > git status -z -uall [11ms]
[2022-09-30T01:12:08.918Z] > git symbolic-ref --short HEAD [1ms]
[2022-09-30T01:12:08.924Z] > git for-each-ref --format=%(refname)%00%(upstream:short)%00%(objectname)%00%(upstream:track)%00%(upstream:remotename)%00%(upstream:remoteref) refs/heads/master refs/remotes/master [1ms]
[2022-09-30T01:12:08.933Z] > git remote --verbose [1ms]
[2022-09-30T01:12:08.933Z] > git for-each-ref --sort -committerdate --format %(refname) %(objectname) %(*objectname) [5ms]
[2022-09-30T01:12:08.962Z] > git config --get commit.template [1ms]
[2022-09-30T01:12:13.985Z] > git status -z -uall [12ms]
[2022-09-30T01:12:13.992Z] > git symbolic-ref --short HEAD [1ms]
[2022-09-30T01:12:13.998Z] > git for-each-ref --format=%(refname)%00%(upstream:short)%00%(objectname)%00%(upstream:track)%00%(upstream:remotename)%00%(upstream:remoteref) refs/heads/master refs/remotes/master [0ms]
[2022-09-30T01:12:14.007Z] > git remote --verbose [1ms]
[2022-09-30T01:12:14.008Z] > git for-each-ref --sort -committerdate --format %(refname) %(objectname) %(*objectname) [6ms]
[2022-09-30T01:12:14.045Z] > git config --get commit.template [2ms]
[2022-09-30T01:12:19.074Z] > git status -z -uall [10ms]
[2022-09-30T01:12:19.079Z] > git symbolic-ref --short HEAD [1ms]
[2022-09-30T01:12:19.085Z] > git for-each-ref --format=%(refname)%00%(upstream:short)%00%(objectname)%00%(upstream:track)%00%(upstream:remotename)%00%(upstream:remoteref) refs/heads/master refs/remotes/master [0ms]
[2022-09-30T01:12:19.095Z] > git remote --verbose [1ms]
[2022-09-30T01:12:19.096Z] > git for-each-ref --sort -committerdate --format %(refname) %(objectname) %(*objectname) [6ms]
[2022-09-30T01:12:19.124Z] > git config --get commit.template [1ms]
[2022-09-30T01:12:24.144Z] > git status -z -uall [13ms]
[2022-09-30T01:12:24.150Z] > git symbolic-ref --short HEAD [1ms]
[2022-09-30T01:12:24.155Z] > git for-each-ref --format=%(refname)%00%(upstream:short)%00%(objectname)%00%(upstream:track)%00%(upstream:remotename)%00%(upstream:remoteref) refs/heads/master refs/remotes/master [1ms]
[2022-09-30T01:12:24.164Z] > git remote --verbose [1ms]
[2022-09-30T01:12:24.164Z] > git for-each-ref --sort -committerdate --format %(refname) %(objectname) %(*objectname) [5ms]
[2022-09-30T01:12:24.196Z] > git config --get commit.template [1ms]
[2022-09-30T01:12:29.218Z] > git status -z -uall [12ms]
[2022-09-30T01:12:29.228Z] > git symbolic-ref --short HEAD [1ms]
[2022-09-30T01:12:29.234Z] > git for-each-ref --format=%(refname)%00%(upstream:short)%00%(objectname)%00%(upstream:track)%00%(upstream:remotename)%00%(upstream:remoteref) refs/heads/master refs/remotes/master [0ms]
[2022-09-30T01:12:29.260Z] > git remote --verbose [0ms]
[2022-09-30T01:12:29.261Z] > git for-each-ref --sort -committerdate --format %(refname) %(objectname) %(*objectname) [22ms]
[2022-09-30T01:12:29.288Z] > git config --get commit.template [1ms]
[2022-09-30T01:12:34.843Z] > git status -z -uall [26ms]
[2022-09-30T01:12:34.852Z] > git symbolic-ref --short HEAD [1ms]
[2022-09-30T01:12:34.866Z] > git for-each-ref --format=%(refname)%00%(upstream:short)%00%(objectname)%00%(upstream:track)%00%(upstream:remotename)%00%(upstream:remoteref) refs/heads/master refs/remotes/master [1ms]
[2022-09-30T01:12:34.892Z] > git for-each-ref --sort -committerdate --format %(refname) %(objectname) %(*objectname) [14ms]
[2022-09-30T01:12:34.892Z] > git remote --verbose [2ms]
[2022-09-30T01:12:34.934Z] > git config --get commit.template [1ms]
[2022-09-30T01:12:53.225Z] > git status -z -uall [25ms]
[2022-09-30T01:12:53.239Z] > git symbolic-ref --short HEAD [1ms]
[2022-09-30T01:12:53.249Z] > git for-each-ref --format=%(refname)%00%(upstream:short)%00%(objectname)%00%(upstream:track)%00%(upstream:remotename)%00%(upstream:remoteref) refs/heads/master refs/remotes/master [1ms]
[2022-09-30T01:12:53.264Z] > git remote --verbose [2ms]
[2022-09-30T01:12:53.264Z] > git for-each-ref --sort -committerdate --format %(refname) %(objectname) %(*objectname) [9ms]
[2022-09-30T01:12:53.297Z] > git config --get commit.template [1ms]
[2022-09-30T01:12:58.318Z] > git status -z -uall [12ms]
[2022-09-30T01:12:58.324Z] > git symbolic-ref --short HEAD [0ms]
[2022-09-30T01:12:58.330Z] > git for-each-ref --format=%(refname)%00%(upstream:short)%00%(objectname)%00%(upstream:track)%00%(upstream:remotename)%00%(upstream:remoteref) refs/heads/master refs/remotes/master [1ms]
[2022-09-30T01:12:58.340Z] > git remote --verbose [1ms]
[2022-09-30T01:12:58.340Z] > git for-each-ref --sort -committerdate --format %(refname) %(objectname) %(*objectname) [6ms]
[2022-09-30T01:12:58.370Z] > git config --get commit.template [1ms]
[2022-09-30T01:13:05.019Z] > git status -z -uall [30ms]
[2022-09-30T01:13:05.035Z] > git symbolic-ref --short HEAD [1ms]
[2022-09-30T01:13:05.050Z] > git for-each-ref --format=%(refname)%00%(upstream:short)%00%(objectname)%00%(upstream:track)%00%(upstream:remotename)%00%(upstream:remoteref) refs/heads/master refs/remotes/master [1ms]
[2022-09-30T01:13:05.072Z] > git remote --verbose [1ms]
[2022-09-30T01:13:05.072Z] > git for-each-ref --sort -committerdate --format %(refname) %(objectname) %(*objectname) [9ms]
[2022-09-30T01:13:05.119Z] > git config --get commit.template [1ms]
[2022-09-30T01:13:16.126Z] > git status -z -uall [24ms]
[2022-09-30T01:13:16.134Z] > git symbolic-ref --short HEAD [1ms]
[2022-09-30T01:13:16.146Z] > git for-each-ref --format=%(refname)%00%(upstream:short)%00%(objectname)%00%(upstream:track)%00%(upstream:remotename)%00%(upstream:remoteref) refs/heads/master refs/remotes/master [1ms]
[2022-09-30T01:13:16.164Z] > git remote --verbose [1ms]
[2022-09-30T01:13:16.164Z] > git for-each-ref --sort -committerdate --format %(refname) %(objectname) %(*objectname) [12ms]
[2022-09-30T01:13:16.204Z] > git config --get commit.template [1ms]
