[2022-09-30T00:52:50.851Z] Log level: Info
[2022-09-30T00:52:50.859Z] [info] Validating found git in: git
[2022-09-30T00:52:50.906Z] [info] Using git 2.25.1 from git
[2022-09-30T00:52:50.986Z] > git rev-parse --show-toplevel [65ms]
[2022-09-30T00:52:50.986Z] fatal: not a git repository (or any of the parent directories): .git
[2022-09-30T00:52:51.011Z] > git rev-parse --show-toplevel [18ms]
[2022-09-30T00:52:51.011Z] fatal: not a git repository (or any of the parent directories): .git
[2022-09-30T00:52:51.076Z] > git rev-parse --show-toplevel [61ms]
[2022-09-30T00:52:51.076Z] fatal: not a git repository (or any of the parent directories): .git
[2022-09-30T00:52:51.087Z] > git rev-parse --show-toplevel [5ms]
[2022-09-30T00:52:51.087Z] fatal: not a git repository (or any of the parent directories): .git
[2022-09-30T00:52:51.092Z] > git rev-parse --show-toplevel [1ms]
[2022-09-30T00:52:51.092Z] fatal: not a git repository (or any of the parent directories): .git
[2022-09-30T00:52:51.475Z] > git rev-parse --show-toplevel [77ms]
[2022-09-30T00:52:51.475Z] fatal: not a git repository (or any of the parent directories): .git
[2022-09-30T00:52:51.533Z] > git rev-parse --show-toplevel [54ms]
[2022-09-30T00:52:51.533Z] fatal: not a git repository (or any of the parent directories): .git
[2022-09-30T00:52:51.547Z] > git rev-parse --show-toplevel [9ms]
[2022-09-30T00:52:51.547Z] fatal: not a git repository (or any of the parent directories): .git
[2022-09-30T00:54:19.179Z] > git rev-parse --show-toplevel [1ms]
[2022-09-30T00:54:19.184Z] > git rev-parse --git-dir --git-common-dir [1ms]
[2022-09-30T00:54:19.192Z] [info] Open repository: /home/julio
[2022-09-30T00:54:19.442Z] > git status -z -uall [244ms]
[2022-09-30T00:54:19.448Z] > git symbolic-ref --short HEAD [1ms]
[2022-09-30T00:54:19.454Z] > git for-each-ref --format=%(refname)%00%(upstream:short)%00%(objectname)%00%(upstream:track)%00%(upstream:remotename)%00%(upstream:remoteref) refs/heads/master refs/remotes/master [1ms]
[2022-09-30T00:54:19.464Z] > git remote --verbose [1ms]
[2022-09-30T00:54:19.465Z] > git for-each-ref --sort -committerdate --format %(refname) %(objectname) %(*objectname) [5ms]
[2022-09-30T00:54:19.523Z] > git config --get commit.template [2ms]
[2022-09-30T00:54:19.547Z] > git status -z -uall [18ms]
[2022-09-30T00:54:19.551Z] > git symbolic-ref --short HEAD [0ms]
[2022-09-30T00:54:19.556Z] > git for-each-ref --format=%(refname)%00%(upstream:short)%00%(objectname)%00%(upstream:track)%00%(upstream:remotename)%00%(upstream:remoteref) refs/heads/master refs/remotes/master [1ms]
[2022-09-30T00:54:19.568Z] > git remote --verbose [4ms]
[2022-09-30T00:54:19.568Z] > git for-each-ref --sort -committerdate --format %(refname) %(objectname) %(*objectname) [8ms]
[2022-09-30T00:54:19.605Z] > git config --get commit.template [2ms]
[2022-09-30T00:54:19.929Z] > git check-ignore -v -z --stdin [3ms]
[2022-09-30T00:54:25.605Z] > git status -z -uall [14ms]
[2022-09-30T00:54:25.611Z] > git symbolic-ref --short HEAD [0ms]
[2022-09-30T00:54:25.617Z] > git for-each-ref --format=%(refname)%00%(upstream:short)%00%(objectname)%00%(upstream:track)%00%(upstream:remotename)%00%(upstream:remoteref) refs/heads/master refs/remotes/master [0ms]
[2022-09-30T00:54:25.626Z] > git remote --verbose [1ms]
[2022-09-30T00:54:25.627Z] > git for-each-ref --sort -committerdate --format %(refname) %(objectname) %(*objectname) [5ms]
[2022-09-30T00:54:25.656Z] > git config --get commit.template [2ms]
[2022-09-30T00:54:30.675Z] > git status -z -uall [13ms]
[2022-09-30T00:54:30.680Z] > git symbolic-ref --short HEAD [0ms]
[2022-09-30T00:54:30.685Z] > git for-each-ref --format=%(refname)%00%(upstream:short)%00%(objectname)%00%(upstream:track)%00%(upstream:remotename)%00%(upstream:remoteref) refs/heads/master refs/remotes/master [1ms]
[2022-09-30T00:54:30.693Z] > git remote --verbose [1ms]
[2022-09-30T00:54:30.693Z] > git for-each-ref --sort -committerdate --format %(refname) %(objectname) %(*objectname) [4ms]
[2022-09-30T00:54:30.721Z] > git config --get commit.template [1ms]
[2022-09-30T00:54:35.741Z] > git status -z -uall [13ms]
[2022-09-30T00:54:35.747Z] > git symbolic-ref --short HEAD [1ms]
[2022-09-30T00:54:35.752Z] > git for-each-ref --format=%(refname)%00%(upstream:short)%00%(objectname)%00%(upstream:track)%00%(upstream:remotename)%00%(upstream:remoteref) refs/heads/master refs/remotes/master [1ms]
[2022-09-30T00:54:35.762Z] > git remote --verbose [1ms]
[2022-09-30T00:54:35.762Z] > git for-each-ref --sort -committerdate --format %(refname) %(objectname) %(*objectname) [5ms]
[2022-09-30T00:54:35.789Z] > git config --get commit.template [1ms]
[2022-09-30T00:54:40.819Z] > git status -z -uall [11ms]
[2022-09-30T00:54:40.824Z] > git symbolic-ref --short HEAD [1ms]
[2022-09-30T00:54:40.829Z] > git for-each-ref --format=%(refname)%00%(upstream:short)%00%(objectname)%00%(upstream:track)%00%(upstream:remotename)%00%(upstream:remoteref) refs/heads/master refs/remotes/master [0ms]
[2022-09-30T00:54:40.839Z] > git remote --verbose [1ms]
[2022-09-30T00:54:40.839Z] > git for-each-ref --sort -committerdate --format %(refname) %(objectname) %(*objectname) [6ms]
[2022-09-30T00:54:40.867Z] > git config --get commit.template [1ms]
[2022-09-30T00:54:45.890Z] > git status -z -uall [13ms]
[2022-09-30T00:54:45.895Z] > git symbolic-ref --short HEAD [1ms]
[2022-09-30T00:54:45.900Z] > git for-each-ref --format=%(refname)%00%(upstream:short)%00%(objectname)%00%(upstream:track)%00%(upstream:remotename)%00%(upstream:remoteref) refs/heads/master refs/remotes/master [1ms]
[2022-09-30T00:54:45.909Z] > git remote --verbose [1ms]
[2022-09-30T00:54:45.909Z] > git for-each-ref --sort -committerdate --format %(refname) %(objectname) %(*objectname) [4ms]
[2022-09-30T00:54:45.942Z] > git config --get commit.template [1ms]
[2022-09-30T00:54:50.972Z] > git status -z -uall [13ms]
[2022-09-30T00:54:50.980Z] > git symbolic-ref --short HEAD [1ms]
[2022-09-30T00:54:50.987Z] > git for-each-ref --format=%(refname)%00%(upstream:short)%00%(objectname)%00%(upstream:track)%00%(upstream:remotename)%00%(upstream:remoteref) refs/heads/master refs/remotes/master [1ms]
[2022-09-30T00:54:50.995Z] > git remote --verbose [1ms]
[2022-09-30T00:54:50.995Z] > git for-each-ref --sort -committerdate --format %(refname) %(objectname) %(*objectname) [5ms]
[2022-09-30T00:54:51.023Z] > git config --get commit.template [0ms]
[2022-09-30T00:54:56.047Z] > git status -z -uall [17ms]
[2022-09-30T00:54:56.053Z] > git symbolic-ref --short HEAD [1ms]
[2022-09-30T00:54:56.066Z] > git for-each-ref --format=%(refname)%00%(upstream:short)%00%(objectname)%00%(upstream:track)%00%(upstream:remotename)%00%(upstream:remoteref) refs/heads/master refs/remotes/master [9ms]
[2022-09-30T00:54:56.076Z] > git remote --verbose [1ms]
[2022-09-30T00:54:56.076Z] > git for-each-ref --sort -committerdate --format %(refname) %(objectname) %(*objectname) [6ms]
[2022-09-30T00:54:56.106Z] > git config --get commit.template [0ms]
[2022-09-30T00:55:01.127Z] > git status -z -uall [15ms]
[2022-09-30T00:55:01.134Z] > git symbolic-ref --short HEAD [1ms]
[2022-09-30T00:55:01.142Z] > git for-each-ref --format=%(refname)%00%(upstream:short)%00%(objectname)%00%(upstream:track)%00%(upstream:remotename)%00%(upstream:remoteref) refs/heads/master refs/remotes/master [2ms]
[2022-09-30T00:55:01.156Z] > git for-each-ref --sort -committerdate --format %(refname) %(objectname) %(*objectname) [8ms]
[2022-09-30T00:55:01.157Z] > git remote --verbose [2ms]
[2022-09-30T00:55:01.221Z] > git config --get commit.template [15ms]
[2022-09-30T00:55:06.240Z] > git status -z -uall [12ms]
[2022-09-30T00:55:06.246Z] > git symbolic-ref --short HEAD [1ms]
[2022-09-30T00:55:06.252Z] > git for-each-ref --format=%(refname)%00%(upstream:short)%00%(objectname)%00%(upstream:track)%00%(upstream:remotename)%00%(upstream:remoteref) refs/heads/master refs/remotes/master [1ms]
[2022-09-30T00:55:06.263Z] > git remote --verbose [1ms]
[2022-09-30T00:55:06.263Z] > git for-each-ref --sort -committerdate --format %(refname) %(objectname) %(*objectname) [6ms]
[2022-09-30T00:55:06.305Z] > git config --get commit.template [10ms]
[2022-09-30T00:55:11.667Z] > git status -z -uall [15ms]
[2022-09-30T00:55:11.673Z] > git symbolic-ref --short HEAD [1ms]
[2022-09-30T00:55:11.688Z] > git for-each-ref --format=%(refname)%00%(upstream:short)%00%(objectname)%00%(upstream:track)%00%(upstream:remotename)%00%(upstream:remoteref) refs/heads/master refs/remotes/master [9ms]
[2022-09-30T00:55:11.697Z] > git remote --verbose [1ms]
[2022-09-30T00:55:11.697Z] > git for-each-ref --sort -committerdate --format %(refname) %(objectname) %(*objectname) [4ms]
[2022-09-30T00:55:11.727Z] > git config --get commit.template [0ms]
[2022-09-30T00:55:16.743Z] > git status -z -uall [11ms]
[2022-09-30T00:55:16.748Z] > git symbolic-ref --short HEAD [1ms]
[2022-09-30T00:55:16.753Z] > git for-each-ref --format=%(refname)%00%(upstream:short)%00%(objectname)%00%(upstream:track)%00%(upstream:remotename)%00%(upstream:remoteref) refs/heads/master refs/remotes/master [1ms]
[2022-09-30T00:55:16.762Z] > git remote --verbose [1ms]
[2022-09-30T00:55:16.762Z] > git for-each-ref --sort -committerdate --format %(refname) %(objectname) %(*objectname) [5ms]
[2022-09-30T00:55:16.791Z] > git config --get commit.template [1ms]
[2022-09-30T00:55:21.812Z] > git status -z -uall [12ms]
[2022-09-30T00:55:21.817Z] > git symbolic-ref --short HEAD [1ms]
[2022-09-30T00:55:21.822Z] > git for-each-ref --format=%(refname)%00%(upstream:short)%00%(objectname)%00%(upstream:track)%00%(upstream:remotename)%00%(upstream:remoteref) refs/heads/master refs/remotes/master [0ms]
[2022-09-30T00:55:21.831Z] > git remote --verbose [1ms]
[2022-09-30T00:55:21.832Z] > git for-each-ref --sort -committerdate --format %(refname) %(objectname) %(*objectname) [5ms]
[2022-09-30T00:55:21.862Z] > git config --get commit.template [5ms]
[2022-09-30T00:55:27.669Z] > git status -z -uall [11ms]
[2022-09-30T00:55:27.676Z] > git symbolic-ref --short HEAD [1ms]
[2022-09-30T00:55:27.682Z] > git for-each-ref --format=%(refname)%00%(upstream:short)%00%(objectname)%00%(upstream:track)%00%(upstream:remotename)%00%(upstream:remoteref) refs/heads/master refs/remotes/master [1ms]
[2022-09-30T00:55:27.691Z] > git remote --verbose [0ms]
[2022-09-30T00:55:27.692Z] > git for-each-ref --sort -committerdate --format %(refname) %(objectname) %(*objectname) [5ms]
[2022-09-30T00:55:27.721Z] > git config --get commit.template [5ms]
[2022-09-30T00:55:32.739Z] > git status -z -uall [12ms]
[2022-09-30T00:55:32.744Z] > git symbolic-ref --short HEAD [1ms]
[2022-09-30T00:55:32.750Z] > git for-each-ref --format=%(refname)%00%(upstream:short)%00%(objectname)%00%(upstream:track)%00%(upstream:remotename)%00%(upstream:remoteref) refs/heads/master refs/remotes/master [1ms]
[2022-09-30T00:55:32.759Z] > git remote --verbose [1ms]
[2022-09-30T00:55:32.759Z] > git for-each-ref --sort -committerdate --format %(refname) %(objectname) %(*objectname) [5ms]
[2022-09-30T00:55:32.849Z] > git config --get commit.template [4ms]
[2022-09-30T00:55:37.891Z] > git status -z -uall [32ms]
[2022-09-30T00:55:37.897Z] > git symbolic-ref --short HEAD [1ms]
[2022-09-30T00:55:37.903Z] > git for-each-ref --format=%(refname)%00%(upstream:short)%00%(objectname)%00%(upstream:track)%00%(upstream:remotename)%00%(upstream:remoteref) refs/heads/master refs/remotes/master [1ms]
[2022-09-30T00:55:37.913Z] > git remote --verbose [0ms]
[2022-09-30T00:55:37.914Z] > git for-each-ref --sort -committerdate --format %(refname) %(objectname) %(*objectname) [6ms]
[2022-09-30T00:55:37.944Z] > git config --get commit.template [4ms]
[2022-09-30T00:55:42.962Z] > git status -z -uall [11ms]
[2022-09-30T00:55:42.971Z] > git symbolic-ref --short HEAD [1ms]
[2022-09-30T00:55:42.977Z] > git for-each-ref --format=%(refname)%00%(upstream:short)%00%(objectname)%00%(upstream:track)%00%(upstream:remotename)%00%(upstream:remoteref) refs/heads/master refs/remotes/master [0ms]
[2022-09-30T00:55:42.988Z] > git remote --verbose [0ms]
[2022-09-30T00:55:42.989Z] > git for-each-ref --sort -committerdate --format %(refname) %(objectname) %(*objectname) [6ms]
[2022-09-30T00:55:43.019Z] > git config --get commit.template [4ms]
[2022-09-30T00:55:48.049Z] > git status -z -uall [23ms]
[2022-09-30T00:55:48.056Z] > git symbolic-ref --short HEAD [1ms]
[2022-09-30T00:55:48.063Z] > git for-each-ref --format=%(refname)%00%(upstream:short)%00%(objectname)%00%(upstream:track)%00%(upstream:remotename)%00%(upstream:remoteref) refs/heads/master refs/remotes/master [1ms]
[2022-09-30T00:55:48.074Z] > git remote --verbose [1ms]
[2022-09-30T00:55:48.075Z] > git for-each-ref --sort -committerdate --format %(refname) %(objectname) %(*objectname) [7ms]
[2022-09-30T00:55:48.106Z] > git config --get commit.template [4ms]
[2022-09-30T00:55:53.129Z] > git status -z -uall [13ms]
[2022-09-30T00:55:53.136Z] > git symbolic-ref --short HEAD [0ms]
[2022-09-30T00:55:53.144Z] > git for-each-ref --format=%(refname)%00%(upstream:short)%00%(objectname)%00%(upstream:track)%00%(upstream:remotename)%00%(upstream:remoteref) refs/heads/master refs/remotes/master [1ms]
[2022-09-30T00:55:53.157Z] > git remote --verbose [1ms]
[2022-09-30T00:55:53.157Z] > git for-each-ref --sort -committerdate --format %(refname) %(objectname) %(*objectname) [7ms]
[2022-09-30T00:55:53.187Z] > git config --get commit.template [4ms]
[2022-09-30T00:55:58.217Z] > git status -z -uall [22ms]
[2022-09-30T00:55:58.224Z] > git symbolic-ref --short HEAD [1ms]
[2022-09-30T00:55:58.232Z] > git for-each-ref --format=%(refname)%00%(upstream:short)%00%(objectname)%00%(upstream:track)%00%(upstream:remotename)%00%(upstream:remoteref) refs/heads/master refs/remotes/master [0ms]
[2022-09-30T00:55:58.249Z] > git remote --verbose [0ms]
[2022-09-30T00:55:58.249Z] > git for-each-ref --sort -committerdate --format %(refname) %(objectname) %(*objectname) [9ms]
[2022-09-30T00:55:58.284Z] > git config --get commit.template [8ms]
[2022-09-30T00:56:03.310Z] > git status -z -uall [13ms]
[2022-09-30T00:56:03.317Z] > git symbolic-ref --short HEAD [0ms]
[2022-09-30T00:56:03.325Z] > git for-each-ref --format=%(refname)%00%(upstream:short)%00%(objectname)%00%(upstream:track)%00%(upstream:remotename)%00%(upstream:remoteref) refs/heads/master refs/remotes/master [1ms]
[2022-09-30T00:56:03.337Z] > git remote --verbose [1ms]
[2022-09-30T00:56:03.338Z] > git for-each-ref --sort -committerdate --format %(refname) %(objectname) %(*objectname) [7ms]
[2022-09-30T00:56:03.368Z] > git config --get commit.template [4ms]
[2022-09-30T00:56:08.388Z] > git status -z -uall [12ms]
[2022-09-30T00:56:08.396Z] > git symbolic-ref --short HEAD [0ms]
[2022-09-30T00:56:08.405Z] > git for-each-ref --format=%(refname)%00%(upstream:short)%00%(objectname)%00%(upstream:track)%00%(upstream:remotename)%00%(upstream:remoteref) refs/heads/master refs/remotes/master [1ms]
[2022-09-30T00:56:08.420Z] > git remote --verbose [1ms]
[2022-09-30T00:56:08.421Z] > git for-each-ref --sort -committerdate --format %(refname) %(objectname) %(*objectname) [9ms]
[2022-09-30T00:56:08.487Z] > git config --get commit.template [5ms]
[2022-09-30T00:56:13.508Z] > git status -z -uall [12ms]
[2022-09-30T00:56:13.515Z] > git symbolic-ref --short HEAD [0ms]
[2022-09-30T00:56:13.524Z] > git for-each-ref --format=%(refname)%00%(upstream:short)%00%(objectname)%00%(upstream:track)%00%(upstream:remotename)%00%(upstream:remoteref) refs/heads/master refs/remotes/master [1ms]
[2022-09-30T00:56:13.539Z] > git remote --verbose [2ms]
[2022-09-30T00:56:13.540Z] > git for-each-ref --sort -committerdate --format %(refname) %(objectname) %(*objectname) [10ms]
[2022-09-30T00:56:13.575Z] > git config --get commit.template [8ms]
[2022-09-30T00:57:15.875Z] > git status -z -uall [18ms]
[2022-09-30T00:57:15.879Z] > git symbolic-ref --short HEAD [0ms]
[2022-09-30T00:57:15.886Z] > git for-each-ref --format=%(refname)%00%(upstream:short)%00%(objectname)%00%(upstream:track)%00%(upstream:remotename)%00%(upstream:remoteref) refs/heads/master refs/remotes/master [1ms]
[2022-09-30T00:57:15.897Z] > git remote --verbose [1ms]
[2022-09-30T00:57:15.898Z] > git for-each-ref --sort -committerdate --format %(refname) %(objectname) %(*objectname) [6ms]
[2022-09-30T00:57:15.944Z] > git config --get commit.template [2ms]
[2022-09-30T00:57:20.961Z] > git status -z -uall [12ms]
[2022-09-30T00:57:20.966Z] > git symbolic-ref --short HEAD [1ms]
[2022-09-30T00:57:20.971Z] > git for-each-ref --format=%(refname)%00%(upstream:short)%00%(objectname)%00%(upstream:track)%00%(upstream:remotename)%00%(upstream:remoteref) refs/heads/master refs/remotes/master [1ms]
[2022-09-30T00:57:20.984Z] > git remote --verbose [1ms]
[2022-09-30T00:57:20.984Z] > git for-each-ref --sort -committerdate --format %(refname) %(objectname) %(*objectname) [8ms]
[2022-09-30T00:57:21.015Z] > git config --get commit.template [1ms]
[2022-09-30T00:57:26.033Z] > git status -z -uall [13ms]
[2022-09-30T00:57:26.039Z] > git symbolic-ref --short HEAD [1ms]
[2022-09-30T00:57:26.046Z] > git for-each-ref --format=%(refname)%00%(upstream:short)%00%(objectname)%00%(upstream:track)%00%(upstream:remotename)%00%(upstream:remoteref) refs/heads/master refs/remotes/master [1ms]
[2022-09-30T00:57:26.056Z] > git remote --verbose [1ms]
[2022-09-30T00:57:26.057Z] > git for-each-ref --sort -committerdate --format %(refname) %(objectname) %(*objectname) [7ms]
[2022-09-30T00:57:26.107Z] > git config --get commit.template [11ms]
[2022-09-30T00:57:31.125Z] > git status -z -uall [12ms]
[2022-09-30T00:57:31.131Z] > git symbolic-ref --short HEAD [1ms]
[2022-09-30T00:57:31.137Z] > git for-each-ref --format=%(refname)%00%(upstream:short)%00%(objectname)%00%(upstream:track)%00%(upstream:remotename)%00%(upstream:remoteref) refs/heads/master refs/remotes/master [1ms]
[2022-09-30T00:57:31.151Z] > git remote --verbose [2ms]
[2022-09-30T00:57:31.151Z] > git for-each-ref --sort -committerdate --format %(refname) %(objectname) %(*objectname) [8ms]
[2022-09-30T00:57:31.196Z] > git config --get commit.template [12ms]
[2022-09-30T00:57:36.214Z] > git status -z -uall [13ms]
[2022-09-30T00:57:36.220Z] > git symbolic-ref --short HEAD [1ms]
[2022-09-30T00:57:36.226Z] > git for-each-ref --format=%(refname)%00%(upstream:short)%00%(objectname)%00%(upstream:track)%00%(upstream:remotename)%00%(upstream:remoteref) refs/heads/master refs/remotes/master [1ms]
[2022-09-30T00:57:36.238Z] > git for-each-ref --sort -committerdate --format %(refname) %(objectname) %(*objectname) [6ms]
[2022-09-30T00:57:36.239Z] > git remote --verbose [2ms]
[2022-09-30T00:57:36.291Z] > git config --get commit.template [17ms]
[2022-09-30T00:57:41.314Z] > git status -z -uall [13ms]
[2022-09-30T00:57:41.321Z] > git symbolic-ref --short HEAD [1ms]
[2022-09-30T00:57:41.328Z] > git for-each-ref --format=%(refname)%00%(upstream:short)%00%(objectname)%00%(upstream:track)%00%(upstream:remotename)%00%(upstream:remoteref) refs/heads/master refs/remotes/master [1ms]
[2022-09-30T00:57:41.339Z] > git remote --verbose [1ms]
[2022-09-30T00:57:41.340Z] > git for-each-ref --sort -committerdate --format %(refname) %(objectname) %(*objectname) [7ms]
[2022-09-30T00:57:41.384Z] > git config --get commit.template [11ms]
[2022-09-30T00:57:46.405Z] > git status -z -uall [15ms]
[2022-09-30T00:57:46.412Z] > git symbolic-ref --short HEAD [1ms]
[2022-09-30T00:57:46.429Z] > git for-each-ref --format=%(refname)%00%(upstream:short)%00%(objectname)%00%(upstream:track)%00%(upstream:remotename)%00%(upstream:remoteref) refs/heads/master refs/remotes/master [10ms]
[2022-09-30T00:57:46.440Z] > git remote --verbose [1ms]
[2022-09-30T00:57:46.441Z] > git for-each-ref --sort -committerdate --format %(refname) %(objectname) %(*objectname) [7ms]
[2022-09-30T00:57:46.471Z] > git config --get commit.template [1ms]
[2022-09-30T00:57:51.492Z] > git status -z -uall [12ms]
[2022-09-30T00:57:51.497Z] > git symbolic-ref --short HEAD [1ms]
[2022-09-30T00:57:51.503Z] > git for-each-ref --format=%(refname)%00%(upstream:short)%00%(objectname)%00%(upstream:track)%00%(upstream:remotename)%00%(upstream:remoteref) refs/heads/master refs/remotes/master [1ms]
[2022-09-30T00:57:51.513Z] > git remote --verbose [1ms]
[2022-09-30T00:57:51.513Z] > git for-each-ref --sort -committerdate --format %(refname) %(objectname) %(*objectname) [6ms]
[2022-09-30T00:57:51.541Z] > git config --get commit.template [1ms]
[2022-09-30T00:57:56.563Z] > git status -z -uall [15ms]
[2022-09-30T00:57:56.570Z] > git symbolic-ref --short HEAD [2ms]
[2022-09-30T00:57:56.577Z] > git for-each-ref --format=%(refname)%00%(upstream:short)%00%(objectname)%00%(upstream:track)%00%(upstream:remotename)%00%(upstream:remoteref) refs/heads/master refs/remotes/master [1ms]
[2022-09-30T00:57:56.589Z] > git for-each-ref --sort -committerdate --format %(refname) %(objectname) %(*objectname) [7ms]
[2022-09-30T00:57:56.590Z] > git remote --verbose [2ms]
[2022-09-30T00:57:56.636Z] > git config --get commit.template [12ms]
[2022-09-30T00:59:20.734Z] > git status -z -uall [24ms]
[2022-09-30T00:59:20.739Z] > git symbolic-ref --short HEAD [1ms]
[2022-09-30T00:59:20.745Z] > git for-each-ref --format=%(refname)%00%(upstream:short)%00%(objectname)%00%(upstream:track)%00%(upstream:remotename)%00%(upstream:remoteref) refs/heads/master refs/remotes/master [0ms]
[2022-09-30T00:59:20.755Z] > git remote --verbose [1ms]
[2022-09-30T00:59:20.755Z] > git for-each-ref --sort -committerdate --format %(refname) %(objectname) %(*objectname) [5ms]
[2022-09-30T00:59:20.793Z] > git config --get commit.template [1ms]
[2022-09-30T00:59:25.811Z] > git status -z -uall [11ms]
[2022-09-30T00:59:25.817Z] > git symbolic-ref --short HEAD [0ms]
[2022-09-30T00:59:25.823Z] > git for-each-ref --format=%(refname)%00%(upstream:short)%00%(objectname)%00%(upstream:track)%00%(upstream:remotename)%00%(upstream:remoteref) refs/heads/master refs/remotes/master [1ms]
[2022-09-30T00:59:25.831Z] > git remote --verbose [1ms]
[2022-09-30T00:59:25.831Z] > git for-each-ref --sort -committerdate --format %(refname) %(objectname) %(*objectname) [4ms]
[2022-09-30T00:59:25.862Z] > git config --get commit.template [1ms]
[2022-09-30T00:59:30.885Z] > git status -z -uall [15ms]
[2022-09-30T00:59:30.891Z] > git symbolic-ref --short HEAD [1ms]
[2022-09-30T00:59:30.902Z] > git for-each-ref --format=%(refname)%00%(upstream:short)%00%(objectname)%00%(upstream:track)%00%(upstream:remotename)%00%(upstream:remoteref) refs/heads/master refs/remotes/master [1ms]
[2022-09-30T00:59:30.917Z] > git for-each-ref --sort -committerdate --format %(refname) %(objectname) %(*objectname) [10ms]
[2022-09-30T00:59:30.917Z] > git remote --verbose [2ms]
[2022-09-30T00:59:30.995Z] > git config --get commit.template [12ms]
[2022-09-30T00:59:36.351Z] > git status -z -uall [12ms]
[2022-09-30T00:59:36.357Z] > git symbolic-ref --short HEAD [1ms]
[2022-09-30T00:59:36.364Z] > git for-each-ref --format=%(refname)%00%(upstream:short)%00%(objectname)%00%(upstream:track)%00%(upstream:remotename)%00%(upstream:remoteref) refs/heads/master refs/remotes/master [1ms]
[2022-09-30T00:59:36.375Z] > git remote --verbose [1ms]
[2022-09-30T00:59:36.376Z] > git for-each-ref --sort -committerdate --format %(refname) %(objectname) %(*objectname) [7ms]
[2022-09-30T00:59:36.422Z] > git config --get commit.template [13ms]
[2022-09-30T00:59:41.440Z] > git status -z -uall [13ms]
[2022-09-30T00:59:41.446Z] > git symbolic-ref --short HEAD [1ms]
[2022-09-30T00:59:41.453Z] > git for-each-ref --format=%(refname)%00%(upstream:short)%00%(objectname)%00%(upstream:track)%00%(upstream:remotename)%00%(upstream:remoteref) refs/heads/master refs/remotes/master [0ms]
[2022-09-30T00:59:41.466Z] > git remote --verbose [2ms]
[2022-09-30T00:59:41.466Z] > git for-each-ref --sort -committerdate --format %(refname) %(objectname) %(*objectname) [7ms]
[2022-09-30T00:59:41.510Z] > git config --get commit.template [12ms]
[2022-09-30T00:59:46.527Z] > git status -z -uall [12ms]
[2022-09-30T00:59:46.532Z] > git symbolic-ref --short HEAD [1ms]
[2022-09-30T00:59:46.538Z] > git for-each-ref --format=%(refname)%00%(upstream:short)%00%(objectname)%00%(upstream:track)%00%(upstream:remotename)%00%(upstream:remoteref) refs/heads/master refs/remotes/master [1ms]
[2022-09-30T00:59:46.548Z] > git remote --verbose [1ms]
[2022-09-30T00:59:46.548Z] > git for-each-ref --sort -committerdate --format %(refname) %(objectname) %(*objectname) [5ms]
[2022-09-30T00:59:46.576Z] > git config --get commit.template [1ms]
[2022-09-30T00:59:52.485Z] > git status -z -uall [16ms]
[2022-09-30T00:59:52.493Z] > git symbolic-ref --short HEAD [0ms]
[2022-09-30T00:59:52.498Z] > git for-each-ref --format=%(refname)%00%(upstream:short)%00%(objectname)%00%(upstream:track)%00%(upstream:remotename)%00%(upstream:remoteref) refs/heads/master refs/remotes/master [0ms]
[2022-09-30T00:59:52.509Z] > git remote --verbose [1ms]
[2022-09-30T00:59:52.509Z] > git for-each-ref --sort -committerdate --format %(refname) %(objectname) %(*objectname) [6ms]
[2022-09-30T00:59:52.538Z] > git config --get commit.template [1ms]
[2022-09-30T00:59:58.200Z] > git status -z -uall [35ms]
[2022-09-30T00:59:58.215Z] > git symbolic-ref --short HEAD [1ms]
[2022-09-30T00:59:58.226Z] > git for-each-ref --format=%(refname)%00%(upstream:short)%00%(objectname)%00%(upstream:track)%00%(upstream:remotename)%00%(upstream:remoteref) refs/heads/master refs/remotes/master [1ms]
[2022-09-30T00:59:58.241Z] > git remote --verbose [1ms]
[2022-09-30T00:59:58.241Z] > git for-each-ref --sort -committerdate --format %(refname) %(objectname) %(*objectname) [10ms]
[2022-09-30T00:59:58.278Z] > git config --get commit.template [1ms]
[2022-09-30T01:00:03.296Z] > git status -z -uall [11ms]
[2022-09-30T01:00:03.301Z] > git symbolic-ref --short HEAD [1ms]
[2022-09-30T01:00:03.307Z] > git for-each-ref --format=%(refname)%00%(upstream:short)%00%(objectname)%00%(upstream:track)%00%(upstream:remotename)%00%(upstream:remoteref) refs/heads/master refs/remotes/master [1ms]
[2022-09-30T01:00:03.317Z] > git remote --verbose [1ms]
[2022-09-30T01:00:03.317Z] > git for-each-ref --sort -committerdate --format %(refname) %(objectname) %(*objectname) [5ms]
[2022-09-30T01:00:03.344Z] > git config --get commit.template [1ms]
[2022-09-30T01:00:08.366Z] > git status -z -uall [12ms]
[2022-09-30T01:00:08.372Z] > git symbolic-ref --short HEAD [1ms]
[2022-09-30T01:00:08.377Z] > git for-each-ref --format=%(refname)%00%(upstream:short)%00%(objectname)%00%(upstream:track)%00%(upstream:remotename)%00%(upstream:remoteref) refs/heads/master refs/remotes/master [0ms]
[2022-09-30T01:00:08.387Z] > git remote --verbose [1ms]
[2022-09-30T01:00:08.387Z] > git for-each-ref --sort -committerdate --format %(refname) %(objectname) %(*objectname) [5ms]
[2022-09-30T01:00:08.414Z] > git config --get commit.template [0ms]
[2022-09-30T01:00:13.432Z] > git status -z -uall [12ms]
[2022-09-30T01:00:13.437Z] > git symbolic-ref --short HEAD [0ms]
[2022-09-30T01:00:13.443Z] > git for-each-ref --format=%(refname)%00%(upstream:short)%00%(objectname)%00%(upstream:track)%00%(upstream:remotename)%00%(upstream:remoteref) refs/heads/master refs/remotes/master [1ms]
[2022-09-30T01:00:13.453Z] > git remote --verbose [1ms]
[2022-09-30T01:00:13.453Z] > git for-each-ref --sort -committerdate --format %(refname) %(objectname) %(*objectname) [5ms]
[2022-09-30T01:00:13.481Z] > git config --get commit.template [1ms]
[2022-09-30T01:00:18.505Z] > git status -z -uall [11ms]
[2022-09-30T01:00:18.511Z] > git symbolic-ref --short HEAD [1ms]
[2022-09-30T01:00:18.516Z] > git for-each-ref --format=%(refname)%00%(upstream:short)%00%(objectname)%00%(upstream:track)%00%(upstream:remotename)%00%(upstream:remoteref) refs/heads/master refs/remotes/master [0ms]
[2022-09-30T01:00:18.527Z] > git remote --verbose [1ms]
[2022-09-30T01:00:18.527Z] > git for-each-ref --sort -committerdate --format %(refname) %(objectname) %(*objectname) [6ms]
[2022-09-30T01:00:18.555Z] > git config --get commit.template [1ms]
[2022-09-30T01:00:23.575Z] > git status -z -uall [12ms]
[2022-09-30T01:00:23.581Z] > git symbolic-ref --short HEAD [1ms]
[2022-09-30T01:00:23.586Z] > git for-each-ref --format=%(refname)%00%(upstream:short)%00%(objectname)%00%(upstream:track)%00%(upstream:remotename)%00%(upstream:remoteref) refs/heads/master refs/remotes/master [0ms]
[2022-09-30T01:00:23.596Z] > git remote --verbose [1ms]
[2022-09-30T01:00:23.596Z] > git for-each-ref --sort -committerdate --format %(refname) %(objectname) %(*objectname) [5ms]
[2022-09-30T01:00:23.623Z] > git config --get commit.template [1ms]
[2022-09-30T01:00:28.649Z] > git status -z -uall [13ms]
[2022-09-30T01:00:28.655Z] > git symbolic-ref --short HEAD [1ms]
[2022-09-30T01:00:28.661Z] > git for-each-ref --format=%(refname)%00%(upstream:short)%00%(objectname)%00%(upstream:track)%00%(upstream:remotename)%00%(upstream:remoteref) refs/heads/master refs/remotes/master [1ms]
[2022-09-30T01:00:28.670Z] > git remote --verbose [2ms]
[2022-09-30T01:00:28.670Z] > git for-each-ref --sort -committerdate --format %(refname) %(objectname) %(*objectname) [6ms]
[2022-09-30T01:00:28.698Z] > git config --get commit.template [1ms]
[2022-09-30T01:00:33.715Z] > git status -z -uall [11ms]
[2022-09-30T01:00:33.720Z] > git symbolic-ref --short HEAD [1ms]
[2022-09-30T01:00:33.726Z] > git for-each-ref --format=%(refname)%00%(upstream:short)%00%(objectname)%00%(upstream:track)%00%(upstream:remotename)%00%(upstream:remoteref) refs/heads/master refs/remotes/master [1ms]
[2022-09-30T01:00:33.735Z] > git remote --verbose [1ms]
[2022-09-30T01:00:33.735Z] > git for-each-ref --sort -committerdate --format %(refname) %(objectname) %(*objectname) [5ms]
[2022-09-30T01:00:33.762Z] > git config --get commit.template [1ms]
[2022-09-30T01:00:38.782Z] > git status -z -uall [11ms]
[2022-09-30T01:00:38.803Z] > git symbolic-ref --short HEAD [0ms]
[2022-09-30T01:00:38.823Z] > git for-each-ref --format=%(refname)%00%(upstream:short)%00%(objectname)%00%(upstream:track)%00%(upstream:remotename)%00%(upstream:remoteref) refs/heads/master refs/remotes/master [1ms]
[2022-09-30T01:00:38.833Z] > git remote --verbose [1ms]
[2022-09-30T01:00:38.833Z] > git for-each-ref --sort -committerdate --format %(refname) %(objectname) %(*objectname) [5ms]
[2022-09-30T01:00:38.862Z] > git config --get commit.template [1ms]
[2022-09-30T01:00:43.888Z] > git status -z -uall [13ms]
[2022-09-30T01:00:43.894Z] > git symbolic-ref --short HEAD [1ms]
[2022-09-30T01:00:43.901Z] > git for-each-ref --format=%(refname)%00%(upstream:short)%00%(objectname)%00%(upstream:track)%00%(upstream:remotename)%00%(upstream:remoteref) refs/heads/master refs/remotes/master [2ms]
[2022-09-30T01:00:43.912Z] > git remote --verbose [1ms]
[2022-09-30T01:00:43.912Z] > git for-each-ref --sort -committerdate --format %(refname) %(objectname) %(*objectname) [6ms]
[2022-09-30T01:00:43.958Z] > git config --get commit.template [15ms]
[2022-09-30T01:00:48.979Z] > git status -z -uall [15ms]
[2022-09-30T01:00:48.988Z] > git symbolic-ref --short HEAD [2ms]
[2022-09-30T01:00:48.996Z] > git for-each-ref --format=%(refname)%00%(upstream:short)%00%(objectname)%00%(upstream:track)%00%(upstream:remotename)%00%(upstream:remoteref) refs/heads/master refs/remotes/master [1ms]
[2022-09-30T01:00:49.012Z] > git for-each-ref --sort -committerdate --format %(refname) %(objectname) %(*objectname) [9ms]
[2022-09-30T01:00:49.012Z] > git remote --verbose [1ms]
[2022-09-30T01:00:49.068Z] > git config --get commit.template [17ms]
[2022-09-30T01:00:54.095Z] > git status -z -uall [11ms]
[2022-09-30T01:00:54.100Z] > git symbolic-ref --short HEAD [1ms]
[2022-09-30T01:00:54.105Z] > git for-each-ref --format=%(refname)%00%(upstream:short)%00%(objectname)%00%(upstream:track)%00%(upstream:remotename)%00%(upstream:remoteref) refs/heads/master refs/remotes/master [0ms]
[2022-09-30T01:00:54.114Z] > git remote --verbose [1ms]
[2022-09-30T01:00:54.114Z] > git for-each-ref --sort -committerdate --format %(refname) %(objectname) %(*objectname) [5ms]
[2022-09-30T01:00:54.140Z] > git config --get commit.template [0ms]
[2022-09-30T01:00:59.160Z] > git status -z -uall [12ms]
[2022-09-30T01:00:59.165Z] > git symbolic-ref --short HEAD [1ms]
[2022-09-30T01:00:59.171Z] > git for-each-ref --format=%(refname)%00%(upstream:short)%00%(objectname)%00%(upstream:track)%00%(upstream:remotename)%00%(upstream:remoteref) refs/heads/master refs/remotes/master [1ms]
[2022-09-30T01:00:59.179Z] > git remote --verbose [0ms]
[2022-09-30T01:00:59.180Z] > git for-each-ref --sort -committerdate --format %(refname) %(objectname) %(*objectname) [5ms]
[2022-09-30T01:00:59.207Z] > git config --get commit.template [1ms]
[2022-09-30T01:01:04.231Z] > git status -z -uall [15ms]
[2022-09-30T01:01:04.237Z] > git symbolic-ref --short HEAD [1ms]
[2022-09-30T01:01:04.244Z] > git for-each-ref --format=%(refname)%00%(upstream:short)%00%(objectname)%00%(upstream:track)%00%(upstream:remotename)%00%(upstream:remoteref) refs/heads/master refs/remotes/master [1ms]
[2022-09-30T01:01:04.256Z] > git remote --verbose [1ms]
[2022-09-30T01:01:04.256Z] > git for-each-ref --sort -committerdate --format %(refname) %(objectname) %(*objectname) [7ms]
[2022-09-30T01:01:04.304Z] > git config --get commit.template [14ms]
[2022-09-30T01:01:09.324Z] > git status -z -uall [13ms]
[2022-09-30T01:01:09.331Z] > git symbolic-ref --short HEAD [1ms]
[2022-09-30T01:01:09.338Z] > git for-each-ref --format=%(refname)%00%(upstream:short)%00%(objectname)%00%(upstream:track)%00%(upstream:remotename)%00%(upstream:remoteref) refs/heads/master refs/remotes/master [1ms]
[2022-09-30T01:01:09.350Z] > git remote --verbose [1ms]
[2022-09-30T01:01:09.350Z] > git for-each-ref --sort -committerdate --format %(refname) %(objectname) %(*objectname) [7ms]
[2022-09-30T01:01:09.394Z] > git config --get commit.template [11ms]
[2022-09-30T01:01:14.414Z] > git status -z -uall [12ms]
[2022-09-30T01:01:14.420Z] > git symbolic-ref --short HEAD [0ms]
[2022-09-30T01:01:14.450Z] > git for-each-ref --format=%(refname)%00%(upstream:short)%00%(objectname)%00%(upstream:track)%00%(upstream:remotename)%00%(upstream:remoteref) refs/heads/master refs/remotes/master [0ms]
[2022-09-30T01:01:14.461Z] > git remote --verbose [1ms]
[2022-09-30T01:01:14.461Z] > git for-each-ref --sort -committerdate --format %(refname) %(objectname) %(*objectname) [6ms]
[2022-09-30T01:01:14.490Z] > git config --get commit.template [2ms]
[2022-09-30T01:01:19.511Z] > git status -z -uall [12ms]
[2022-09-30T01:01:19.516Z] > git symbolic-ref --short HEAD [0ms]
[2022-09-30T01:01:19.522Z] > git for-each-ref --format=%(refname)%00%(upstream:short)%00%(objectname)%00%(upstream:track)%00%(upstream:remotename)%00%(upstream:remoteref) refs/heads/master refs/remotes/master [1ms]
[2022-09-30T01:01:19.532Z] > git for-each-ref --sort -committerdate --format %(refname) %(objectname) %(*objectname) [5ms]
[2022-09-30T01:01:19.532Z] > git remote --verbose [1ms]
[2022-09-30T01:01:19.560Z] > git config --get commit.template [0ms]
[2022-09-30T01:01:24.579Z] > git status -z -uall [13ms]
[2022-09-30T01:01:24.586Z] > git symbolic-ref --short HEAD [0ms]
[2022-09-30T01:01:24.593Z] > git for-each-ref --format=%(refname)%00%(upstream:short)%00%(objectname)%00%(upstream:track)%00%(upstream:remotename)%00%(upstream:remoteref) refs/heads/master refs/remotes/master [1ms]
[2022-09-30T01:01:24.603Z] > git remote --verbose [1ms]
[2022-09-30T01:01:24.603Z] > git for-each-ref --sort -committerdate --format %(refname) %(objectname) %(*objectname) [5ms]
[2022-09-30T01:01:24.630Z] > git config --get commit.template [1ms]
[2022-09-30T01:01:29.650Z] > git status -z -uall [11ms]
[2022-09-30T01:01:29.656Z] > git symbolic-ref --short HEAD [0ms]
[2022-09-30T01:01:29.661Z] > git for-each-ref --format=%(refname)%00%(upstream:short)%00%(objectname)%00%(upstream:track)%00%(upstream:remotename)%00%(upstream:remoteref) refs/heads/master refs/remotes/master [0ms]
[2022-09-30T01:01:29.671Z] > git remote --verbose [1ms]
[2022-09-30T01:01:29.671Z] > git for-each-ref --sort -committerdate --format %(refname) %(objectname) %(*objectname) [5ms]
[2022-09-30T01:01:29.700Z] > git config --get commit.template [1ms]
[2022-09-30T01:01:36.638Z] > git status -z -uall [18ms]
[2022-09-30T01:01:36.645Z] > git symbolic-ref --short HEAD [1ms]
[2022-09-30T01:01:36.656Z] > git for-each-ref --format=%(refname)%00%(upstream:short)%00%(objectname)%00%(upstream:track)%00%(upstream:remotename)%00%(upstream:remoteref) refs/heads/master refs/remotes/master [0ms]
[2022-09-30T01:01:36.668Z] > git remote --verbose [1ms]
[2022-09-30T01:01:36.668Z] > git for-each-ref --sort -committerdate --format %(refname) %(objectname) %(*objectname) [7ms]
[2022-09-30T01:01:36.699Z] > git config --get commit.template [0ms]
[2022-09-30T01:01:41.722Z] > git status -z -uall [13ms]
[2022-09-30T01:01:41.727Z] > git symbolic-ref --short HEAD [1ms]
[2022-09-30T01:01:41.733Z] > git for-each-ref --format=%(refname)%00%(upstream:short)%00%(objectname)%00%(upstream:track)%00%(upstream:remotename)%00%(upstream:remoteref) refs/heads/master refs/remotes/master [1ms]
[2022-09-30T01:01:41.742Z] > git for-each-ref --sort -committerdate --format %(refname) %(objectname) %(*objectname) [5ms]
[2022-09-30T01:01:41.742Z] > git remote --verbose [1ms]
[2022-09-30T01:01:41.771Z] > git config --get commit.template [1ms]
[2022-09-30T01:01:46.793Z] > git status -z -uall [12ms]
[2022-09-30T01:01:46.799Z] > git symbolic-ref --short HEAD [1ms]
[2022-09-30T01:01:46.805Z] > git for-each-ref --format=%(refname)%00%(upstream:short)%00%(objectname)%00%(upstream:track)%00%(upstream:remotename)%00%(upstream:remoteref) refs/heads/master refs/remotes/master [1ms]
[2022-09-30T01:01:46.814Z] > git remote --verbose [1ms]
[2022-09-30T01:01:46.815Z] > git for-each-ref --sort -committerdate --format %(refname) %(objectname) %(*objectname) [6ms]
[2022-09-30T01:01:46.844Z] > git config --get commit.template [1ms]
[2022-09-30T01:01:51.866Z] > git status -z -uall [12ms]
[2022-09-30T01:01:51.872Z] > git symbolic-ref --short HEAD [1ms]
[2022-09-30T01:01:51.877Z] > git for-each-ref --format=%(refname)%00%(upstream:short)%00%(objectname)%00%(upstream:track)%00%(upstream:remotename)%00%(upstream:remoteref) refs/heads/master refs/remotes/master [0ms]
[2022-09-30T01:01:51.886Z] > git remote --verbose [0ms]
[2022-09-30T01:01:51.887Z] > git for-each-ref --sort -committerdate --format %(refname) %(objectname) %(*objectname) [5ms]
[2022-09-30T01:01:51.917Z] > git config --get commit.template [1ms]
[2022-09-30T01:01:56.937Z] > git status -z -uall [13ms]
[2022-09-30T01:01:56.942Z] > git symbolic-ref --short HEAD [1ms]
[2022-09-30T01:01:56.950Z] > git for-each-ref --format=%(refname)%00%(upstream:short)%00%(objectname)%00%(upstream:track)%00%(upstream:remotename)%00%(upstream:remoteref) refs/heads/master refs/remotes/master [1ms]
[2022-09-30T01:01:56.959Z] > git remote --verbose [0ms]
[2022-09-30T01:01:56.960Z] > git for-each-ref --sort -committerdate --format %(refname) %(objectname) %(*objectname) [6ms]
[2022-09-30T01:01:56.987Z] > git config --get commit.template [1ms]
[2022-09-30T01:02:02.006Z] > git status -z -uall [13ms]
[2022-09-30T01:02:02.012Z] > git symbolic-ref --short HEAD [0ms]
[2022-09-30T01:02:02.018Z] > git for-each-ref --format=%(refname)%00%(upstream:short)%00%(objectname)%00%(upstream:track)%00%(upstream:remotename)%00%(upstream:remoteref) refs/heads/master refs/remotes/master [1ms]
[2022-09-30T01:02:02.027Z] > git remote --verbose [1ms]
[2022-09-30T01:02:02.027Z] > git for-each-ref --sort -committerdate --format %(refname) %(objectname) %(*objectname) [5ms]
[2022-09-30T01:02:02.060Z] > git config --get commit.template [1ms]
[2022-09-30T01:02:07.077Z] > git status -z -uall [11ms]
[2022-09-30T01:02:07.082Z] > git symbolic-ref --short HEAD [1ms]
[2022-09-30T01:02:07.088Z] > git for-each-ref --format=%(refname)%00%(upstream:short)%00%(objectname)%00%(upstream:track)%00%(upstream:remotename)%00%(upstream:remoteref) refs/heads/master refs/remotes/master [1ms]
[2022-09-30T01:02:07.096Z] > git remote --verbose [1ms]
[2022-09-30T01:02:07.097Z] > git for-each-ref --sort -committerdate --format %(refname) %(objectname) %(*objectname) [4ms]
[2022-09-30T01:02:07.123Z] > git config --get commit.template [0ms]
[2022-09-30T01:02:12.148Z] > git status -z -uall [12ms]
[2022-09-30T01:02:12.153Z] > git symbolic-ref --short HEAD [1ms]
[2022-09-30T01:02:12.159Z] > git for-each-ref --format=%(refname)%00%(upstream:short)%00%(objectname)%00%(upstream:track)%00%(upstream:remotename)%00%(upstream:remoteref) refs/heads/master refs/remotes/master [1ms]
[2022-09-30T01:02:12.168Z] > git remote --verbose [1ms]
[2022-09-30T01:02:12.168Z] > git for-each-ref --sort -committerdate --format %(refname) %(objectname) %(*objectname) [5ms]
[2022-09-30T01:02:12.197Z] > git config --get commit.template [1ms]
[2022-09-30T01:02:17.213Z] > git status -z -uall [11ms]
[2022-09-30T01:02:17.218Z] > git symbolic-ref --short HEAD [1ms]
[2022-09-30T01:02:17.223Z] > git for-each-ref --format=%(refname)%00%(upstream:short)%00%(objectname)%00%(upstream:track)%00%(upstream:remotename)%00%(upstream:remoteref) refs/heads/master refs/remotes/master [0ms]
[2022-09-30T01:02:17.232Z] > git remote --verbose [1ms]
[2022-09-30T01:02:17.233Z] > git for-each-ref --sort -committerdate --format %(refname) %(objectname) %(*objectname) [5ms]
[2022-09-30T01:02:17.259Z] > git config --get commit.template [0ms]
[2022-09-30T01:02:22.283Z] > git status -z -uall [14ms]
[2022-09-30T01:02:22.289Z] > git symbolic-ref --short HEAD [1ms]
[2022-09-30T01:02:22.295Z] > git for-each-ref --format=%(refname)%00%(upstream:short)%00%(objectname)%00%(upstream:track)%00%(upstream:remotename)%00%(upstream:remoteref) refs/heads/master refs/remotes/master [1ms]
[2022-09-30T01:02:22.304Z] > git remote --verbose [1ms]
[2022-09-30T01:02:22.304Z] > git for-each-ref --sort -committerdate --format %(refname) %(objectname) %(*objectname) [5ms]
[2022-09-30T01:02:22.331Z] > git config --get commit.template [1ms]
[2022-09-30T01:02:27.350Z] > git status -z -uall [11ms]
[2022-09-30T01:02:27.356Z] > git symbolic-ref --short HEAD [1ms]
[2022-09-30T01:02:27.361Z] > git for-each-ref --format=%(refname)%00%(upstream:short)%00%(objectname)%00%(upstream:track)%00%(upstream:remotename)%00%(upstream:remoteref) refs/heads/master refs/remotes/master [1ms]
[2022-09-30T01:02:27.369Z] > git remote --verbose [0ms]
[2022-09-30T01:02:27.370Z] > git for-each-ref --sort -committerdate --format %(refname) %(objectname) %(*objectname) [5ms]
[2022-09-30T01:02:27.397Z] > git config --get commit.template [1ms]
[2022-09-30T01:02:32.415Z] > git status -z -uall [12ms]
[2022-09-30T01:02:32.420Z] > git symbolic-ref --short HEAD [1ms]
[2022-09-30T01:02:32.426Z] > git for-each-ref --format=%(refname)%00%(upstream:short)%00%(objectname)%00%(upstream:track)%00%(upstream:remotename)%00%(upstream:remoteref) refs/heads/master refs/remotes/master [0ms]
[2022-09-30T01:02:32.435Z] > git remote --verbose [1ms]
[2022-09-30T01:02:32.436Z] > git for-each-ref --sort -committerdate --format %(refname) %(objectname) %(*objectname) [5ms]
[2022-09-30T01:02:32.463Z] > git config --get commit.template [1ms]
[2022-09-30T01:02:37.480Z] > git status -z -uall [12ms]
[2022-09-30T01:02:37.486Z] > git symbolic-ref --short HEAD [1ms]
[2022-09-30T01:02:37.492Z] > git for-each-ref --format=%(refname)%00%(upstream:short)%00%(objectname)%00%(upstream:track)%00%(upstream:remotename)%00%(upstream:remoteref) refs/heads/master refs/remotes/master [1ms]
[2022-09-30T01:02:37.501Z] > git for-each-ref --sort -committerdate --format %(refname) %(objectname) %(*objectname) [5ms]
[2022-09-30T01:02:37.501Z] > git remote --verbose [1ms]
[2022-09-30T01:02:37.528Z] > git config --get commit.template [1ms]
[2022-09-30T01:02:42.550Z] > git status -z -uall [11ms]
[2022-09-30T01:02:42.555Z] > git symbolic-ref --short HEAD [1ms]
[2022-09-30T01:02:42.561Z] > git for-each-ref --format=%(refname)%00%(upstream:short)%00%(objectname)%00%(upstream:track)%00%(upstream:remotename)%00%(upstream:remoteref) refs/heads/master refs/remotes/master [1ms]
[2022-09-30T01:02:42.570Z] > git remote --verbose [1ms]
[2022-09-30T01:02:42.570Z] > git for-each-ref --sort -committerdate --format %(refname) %(objectname) %(*objectname) [5ms]
[2022-09-30T01:02:42.598Z] > git config --get commit.template [1ms]
[2022-09-30T01:02:47.619Z] > git status -z -uall [15ms]
[2022-09-30T01:02:47.625Z] > git symbolic-ref --short HEAD [1ms]
[2022-09-30T01:02:47.630Z] > git for-each-ref --format=%(refname)%00%(upstream:short)%00%(objectname)%00%(upstream:track)%00%(upstream:remotename)%00%(upstream:remoteref) refs/heads/master refs/remotes/master [1ms]
[2022-09-30T01:02:47.641Z] > git remote --verbose [1ms]
[2022-09-30T01:02:47.641Z] > git for-each-ref --sort -committerdate --format %(refname) %(objectname) %(*objectname) [6ms]
[2022-09-30T01:02:47.670Z] > git config --get commit.template [2ms]
[2022-09-30T01:02:52.699Z] > git status -z -uall [12ms]
[2022-09-30T01:02:52.704Z] > git symbolic-ref --short HEAD [0ms]
[2022-09-30T01:02:52.710Z] > git for-each-ref --format=%(refname)%00%(upstream:short)%00%(objectname)%00%(upstream:track)%00%(upstream:remotename)%00%(upstream:remoteref) refs/heads/master refs/remotes/master [1ms]
[2022-09-30T01:02:52.742Z] > git remote --verbose [0ms]
[2022-09-30T01:02:52.743Z] > git for-each-ref --sort -committerdate --format %(refname) %(objectname) %(*objectname) [29ms]
[2022-09-30T01:02:52.770Z] > git config --get commit.template [0ms]
[2022-09-30T01:02:57.790Z] > git status -z -uall [11ms]
[2022-09-30T01:02:57.797Z] > git symbolic-ref --short HEAD [1ms]
[2022-09-30T01:02:57.804Z] > git for-each-ref --format=%(refname)%00%(upstream:short)%00%(objectname)%00%(upstream:track)%00%(upstream:remotename)%00%(upstream:remoteref) refs/heads/master refs/remotes/master [1ms]
[2022-09-30T01:02:57.873Z] > git remote --verbose [1ms]
[2022-09-30T01:02:57.873Z] > git for-each-ref --sort -committerdate --format %(refname) %(objectname) %(*objectname) [65ms]
[2022-09-30T01:02:57.902Z] > git config --get commit.template [1ms]
[2022-09-30T01:03:02.926Z] > git status -z -uall [15ms]
[2022-09-30T01:03:02.933Z] > git symbolic-ref --short HEAD [1ms]
[2022-09-30T01:03:02.939Z] > git for-each-ref --format=%(refname)%00%(upstream:short)%00%(objectname)%00%(upstream:track)%00%(upstream:remotename)%00%(upstream:remoteref) refs/heads/master refs/remotes/master [1ms]
[2022-09-30T01:03:02.948Z] > git remote --verbose [1ms]
[2022-09-30T01:03:02.948Z] > git for-each-ref --sort -committerdate --format %(refname) %(objectname) %(*objectname) [5ms]
[2022-09-30T01:03:02.975Z] > git config --get commit.template [1ms]
[2022-09-30T01:03:08.001Z] > git status -z -uall [10ms]
[2022-09-30T01:03:08.006Z] > git symbolic-ref --short HEAD [1ms]
[2022-09-30T01:03:08.011Z] > git for-each-ref --format=%(refname)%00%(upstream:short)%00%(objectname)%00%(upstream:track)%00%(upstream:remotename)%00%(upstream:remoteref) refs/heads/master refs/remotes/master [1ms]
[2022-09-30T01:03:08.021Z] > git remote --verbose [1ms]
[2022-09-30T01:03:08.021Z] > git for-each-ref --sort -committerdate --format %(refname) %(objectname) %(*objectname) [5ms]
[2022-09-30T01:03:08.048Z] > git config --get commit.template [0ms]
[2022-09-30T01:03:13.071Z] > git status -z -uall [15ms]
[2022-09-30T01:03:13.077Z] > git symbolic-ref --short HEAD [0ms]
[2022-09-30T01:03:13.084Z] > git for-each-ref --format=%(refname)%00%(upstream:short)%00%(objectname)%00%(upstream:track)%00%(upstream:remotename)%00%(upstream:remoteref) refs/heads/master refs/remotes/master [1ms]
[2022-09-30T01:03:13.096Z] > git remote --verbose [1ms]
[2022-09-30T01:03:13.096Z] > git for-each-ref --sort -committerdate --format %(refname) %(objectname) %(*objectname) [6ms]
[2022-09-30T01:03:13.124Z] > git config --get commit.template [0ms]
[2022-09-30T01:03:18.145Z] > git status -z -uall [11ms]
[2022-09-30T01:03:18.151Z] > git symbolic-ref --short HEAD [1ms]
[2022-09-30T01:03:18.156Z] > git for-each-ref --format=%(refname)%00%(upstream:short)%00%(objectname)%00%(upstream:track)%00%(upstream:remotename)%00%(upstream:remoteref) refs/heads/master refs/remotes/master [1ms]
[2022-09-30T01:03:18.166Z] > git remote --verbose [1ms]
[2022-09-30T01:03:18.166Z] > git for-each-ref --sort -committerdate --format %(refname) %(objectname) %(*objectname) [6ms]
[2022-09-30T01:03:18.193Z] > git config --get commit.template [0ms]
[2022-09-30T01:03:23.216Z] > git status -z -uall [12ms]
[2022-09-30T01:03:23.223Z] > git symbolic-ref --short HEAD [2ms]
[2022-09-30T01:03:23.228Z] > git for-each-ref --format=%(refname)%00%(upstream:short)%00%(objectname)%00%(upstream:track)%00%(upstream:remotename)%00%(upstream:remoteref) refs/heads/master refs/remotes/master [0ms]
[2022-09-30T01:03:23.238Z] > git remote --verbose [1ms]
[2022-09-30T01:03:23.238Z] > git for-each-ref --sort -committerdate --format %(refname) %(objectname) %(*objectname) [5ms]
[2022-09-30T01:03:23.267Z] > git config --get commit.template [2ms]
[2022-09-30T01:03:28.285Z] > git status -z -uall [11ms]
[2022-09-30T01:03:28.290Z] > git symbolic-ref --short HEAD [1ms]
[2022-09-30T01:03:28.295Z] > git for-each-ref --format=%(refname)%00%(upstream:short)%00%(objectname)%00%(upstream:track)%00%(upstream:remotename)%00%(upstream:remoteref) refs/heads/master refs/remotes/master [1ms]
[2022-09-30T01:03:28.303Z] > git remote --verbose [0ms]
[2022-09-30T01:03:28.304Z] > git for-each-ref --sort -committerdate --format %(refname) %(objectname) %(*objectname) [5ms]
[2022-09-30T01:03:28.331Z] > git config --get commit.template [1ms]
[2022-09-30T01:03:33.354Z] > git status -z -uall [12ms]
[2022-09-30T01:03:33.360Z] > git symbolic-ref --short HEAD [1ms]
[2022-09-30T01:03:33.365Z] > git for-each-ref --format=%(refname)%00%(upstream:short)%00%(objectname)%00%(upstream:track)%00%(upstream:remotename)%00%(upstream:remoteref) refs/heads/master refs/remotes/master [1ms]
[2022-09-30T01:03:33.375Z] > git remote --verbose [1ms]
[2022-09-30T01:03:33.375Z] > git for-each-ref --sort -committerdate --format %(refname) %(objectname) %(*objectname) [6ms]
[2022-09-30T01:03:33.402Z] > git config --get commit.template [1ms]
[2022-09-30T01:03:38.425Z] > git status -z -uall [11ms]
[2022-09-30T01:03:38.430Z] > git symbolic-ref --short HEAD [0ms]
[2022-09-30T01:03:38.436Z] > git for-each-ref --format=%(refname)%00%(upstream:short)%00%(objectname)%00%(upstream:track)%00%(upstream:remotename)%00%(upstream:remoteref) refs/heads/master refs/remotes/master [1ms]
[2022-09-30T01:03:38.447Z] > git remote --verbose [1ms]
[2022-09-30T01:03:38.447Z] > git for-each-ref --sort -committerdate --format %(refname) %(objectname) %(*objectname) [7ms]
[2022-09-30T01:03:38.474Z] > git config --get commit.template [1ms]
[2022-09-30T01:03:43.492Z] > git status -z -uall [12ms]
[2022-09-30T01:03:43.498Z] > git symbolic-ref --short HEAD [1ms]
[2022-09-30T01:03:43.504Z] > git for-each-ref --format=%(refname)%00%(upstream:short)%00%(objectname)%00%(upstream:track)%00%(upstream:remotename)%00%(upstream:remoteref) refs/heads/master refs/remotes/master [1ms]
[2022-09-30T01:03:43.514Z] > git remote --verbose [1ms]
[2022-09-30T01:03:43.514Z] > git for-each-ref --sort -committerdate --format %(refname) %(objectname) %(*objectname) [6ms]
[2022-09-30T01:03:43.546Z] > git config --get commit.template [1ms]
[2022-09-30T01:03:48.564Z] > git status -z -uall [11ms]
[2022-09-30T01:03:48.570Z] > git symbolic-ref --short HEAD [1ms]
[2022-09-30T01:03:48.575Z] > git for-each-ref --format=%(refname)%00%(upstream:short)%00%(objectname)%00%(upstream:track)%00%(upstream:remotename)%00%(upstream:remoteref) refs/heads/master refs/remotes/master [0ms]
[2022-09-30T01:03:48.585Z] > git remote --verbose [1ms]
[2022-09-30T01:03:48.586Z] > git for-each-ref --sort -committerdate --format %(refname) %(objectname) %(*objectname) [7ms]
[2022-09-30T01:03:48.617Z] > git config --get commit.template [0ms]
[2022-09-30T01:03:53.642Z] > git status -z -uall [17ms]
[2022-09-30T01:03:53.650Z] > git symbolic-ref --short HEAD [1ms]
[2022-09-30T01:03:53.657Z] > git for-each-ref --format=%(refname)%00%(upstream:short)%00%(objectname)%00%(upstream:track)%00%(upstream:remotename)%00%(upstream:remoteref) refs/heads/master refs/remotes/master [0ms]
[2022-09-30T01:03:53.668Z] > git remote --verbose [1ms]
[2022-09-30T01:03:53.669Z] > git for-each-ref --sort -committerdate --format %(refname) %(objectname) %(*objectname) [7ms]
[2022-09-30T01:03:53.698Z] > git config --get commit.template [1ms]
[2022-09-30T01:03:58.726Z] > git status -z -uall [15ms]
[2022-09-30T01:03:58.732Z] > git symbolic-ref --short HEAD [1ms]
[2022-09-30T01:03:58.737Z] > git for-each-ref --format=%(refname)%00%(upstream:short)%00%(objectname)%00%(upstream:track)%00%(upstream:remotename)%00%(upstream:remoteref) refs/heads/master refs/remotes/master [1ms]
[2022-09-30T01:03:58.745Z] > git remote --verbose [1ms]
[2022-09-30T01:03:58.745Z] > git for-each-ref --sort -committerdate --format %(refname) %(objectname) %(*objectname) [4ms]
[2022-09-30T01:03:58.774Z] > git config --get commit.template [0ms]
[2022-09-30T01:04:01.958Z] > git ls-files --stage -- /home/julio/programa1.cpp [7ms]
[2022-09-30T01:04:02.034Z] > git cat-file -s 961992497a61485246a1faa2e7d108cf82d01b78 [71ms]
[2022-09-30T01:04:02.146Z] > git show --textconv :programa1.cpp [200ms]
[2022-09-30T01:04:04.166Z] > git status -z -uall [18ms]
[2022-09-30T01:04:04.173Z] > git symbolic-ref --short HEAD [1ms]
[2022-09-30T01:04:04.178Z] > git for-each-ref --format=%(refname)%00%(upstream:short)%00%(objectname)%00%(upstream:track)%00%(upstream:remotename)%00%(upstream:remoteref) refs/heads/master refs/remotes/master [0ms]
[2022-09-30T01:04:04.188Z] > git remote --verbose [1ms]
[2022-09-30T01:04:04.188Z] > git for-each-ref --sort -committerdate --format %(refname) %(objectname) %(*objectname) [6ms]
[2022-09-30T01:04:04.215Z] > git config --get commit.template [0ms]
[2022-09-30T01:04:05.812Z] > git show --textconv :programa1.cpp [8ms]
[2022-09-30T01:04:05.813Z] > git ls-files --stage -- /home/julio/programa1.cpp [2ms]
[2022-09-30T01:04:05.821Z] > git cat-file -s 961992497a61485246a1faa2e7d108cf82d01b78 [2ms]
[2022-09-30T01:04:09.548Z] > git status -z -uall [318ms]
[2022-09-30T01:04:09.556Z] > git symbolic-ref --short HEAD [0ms]
[2022-09-30T01:04:09.562Z] > git for-each-ref --format=%(refname)%00%(upstream:short)%00%(objectname)%00%(upstream:track)%00%(upstream:remotename)%00%(upstream:remoteref) refs/heads/master refs/remotes/master [1ms]
[2022-09-30T01:04:09.572Z] > git remote --verbose [1ms]
[2022-09-30T01:04:09.573Z] > git for-each-ref --sort -committerdate --format %(refname) %(objectname) %(*objectname) [6ms]
[2022-09-30T01:04:09.600Z] > git config --get commit.template [1ms]
[2022-09-30T01:04:14.728Z] > git status -z -uall [117ms]
[2022-09-30T01:04:14.733Z] > git symbolic-ref --short HEAD [1ms]
[2022-09-30T01:04:14.739Z] > git for-each-ref --format=%(refname)%00%(upstream:short)%00%(objectname)%00%(upstream:track)%00%(upstream:remotename)%00%(upstream:remoteref) refs/heads/master refs/remotes/master [1ms]
[2022-09-30T01:04:14.748Z] > git remote --verbose [1ms]
[2022-09-30T01:04:14.748Z] > git for-each-ref --sort -committerdate --format %(refname) %(objectname) %(*objectname) [5ms]
[2022-09-30T01:04:14.776Z] > git config --get commit.template [0ms]
[2022-09-30T01:04:19.917Z] > git status -z -uall [125ms]
[2022-09-30T01:04:19.922Z] > git symbolic-ref --short HEAD [0ms]
[2022-09-30T01:04:19.930Z] > git for-each-ref --format=%(refname)%00%(upstream:short)%00%(objectname)%00%(upstream:track)%00%(upstream:remotename)%00%(upstream:remoteref) refs/heads/master refs/remotes/master [1ms]
[2022-09-30T01:04:19.939Z] > git remote --verbose [1ms]
[2022-09-30T01:04:19.939Z] > git for-each-ref --sort -committerdate --format %(refname) %(objectname) %(*objectname) [5ms]
[2022-09-30T01:04:19.967Z] > git config --get commit.template [0ms]
[2022-09-30T01:04:25.117Z] > git status -z -uall [138ms]
[2022-09-30T01:04:25.123Z] > git symbolic-ref --short HEAD [1ms]
[2022-09-30T01:04:25.129Z] > git for-each-ref --format=%(refname)%00%(upstream:short)%00%(objectname)%00%(upstream:track)%00%(upstream:remotename)%00%(upstream:remoteref) refs/heads/master refs/remotes/master [1ms]
[2022-09-30T01:04:25.138Z] > git remote --verbose [1ms]
[2022-09-30T01:04:25.138Z] > git for-each-ref --sort -committerdate --format %(refname) %(objectname) %(*objectname) [5ms]
[2022-09-30T01:04:25.166Z] > git config --get commit.template [1ms]
[2022-09-30T01:04:30.309Z] > git status -z -uall [120ms]
[2022-09-30T01:04:30.314Z] > git symbolic-ref --short HEAD [1ms]
[2022-09-30T01:04:30.319Z] > git for-each-ref --format=%(refname)%00%(upstream:short)%00%(objectname)%00%(upstream:track)%00%(upstream:remotename)%00%(upstream:remoteref) refs/heads/master refs/remotes/master [1ms]
[2022-09-30T01:04:30.327Z] > git remote --verbose [0ms]
[2022-09-30T01:04:30.328Z] > git for-each-ref --sort -committerdate --format %(refname) %(objectname) %(*objectname) [5ms]
[2022-09-30T01:04:30.355Z] > git config --get commit.template [1ms]
[2022-09-30T01:04:35.503Z] > git status -z -uall [133ms]
[2022-09-30T01:04:35.508Z] > git symbolic-ref --short HEAD [0ms]
[2022-09-30T01:04:35.515Z] > git for-each-ref --format=%(refname)%00%(upstream:short)%00%(objectname)%00%(upstream:track)%00%(upstream:remotename)%00%(upstream:remoteref) refs/heads/master refs/remotes/master [1ms]
[2022-09-30T01:04:35.525Z] > git remote --verbose [1ms]
[2022-09-30T01:04:35.525Z] > git for-each-ref --sort -committerdate --format %(refname) %(objectname) %(*objectname) [5ms]
[2022-09-30T01:04:35.552Z] > git config --get commit.template [0ms]
[2022-09-30T01:04:40.689Z] > git status -z -uall [126ms]
[2022-09-30T01:04:40.695Z] > git symbolic-ref --short HEAD [1ms]
[2022-09-30T01:04:40.701Z] > git for-each-ref --format=%(refname)%00%(upstream:short)%00%(objectname)%00%(upstream:track)%00%(upstream:remotename)%00%(upstream:remoteref) refs/heads/master refs/remotes/master [1ms]
[2022-09-30T01:04:40.710Z] > git remote --verbose [0ms]
[2022-09-30T01:04:40.711Z] > git for-each-ref --sort -committerdate --format %(refname) %(objectname) %(*objectname) [5ms]
[2022-09-30T01:04:40.738Z] > git config --get commit.template [0ms]
[2022-09-30T01:04:45.873Z] > git status -z -uall [118ms]
[2022-09-30T01:04:45.879Z] > git symbolic-ref --short HEAD [1ms]
[2022-09-30T01:04:45.884Z] > git for-each-ref --format=%(refname)%00%(upstream:short)%00%(objectname)%00%(upstream:track)%00%(upstream:remotename)%00%(upstream:remoteref) refs/heads/master refs/remotes/master [1ms]
[2022-09-30T01:04:45.893Z] > git remote --verbose [1ms]
[2022-09-30T01:04:45.893Z] > git for-each-ref --sort -committerdate --format %(refname) %(objectname) %(*objectname) [5ms]
[2022-09-30T01:04:45.920Z] > git config --get commit.template [1ms]
[2022-09-30T01:04:51.402Z] > git status -z -uall [120ms]
[2022-09-30T01:04:51.408Z] > git symbolic-ref --short HEAD [1ms]
[2022-09-30T01:04:51.414Z] > git for-each-ref --format=%(refname)%00%(upstream:short)%00%(objectname)%00%(upstream:track)%00%(upstream:remotename)%00%(upstream:remoteref) refs/heads/master refs/remotes/master [0ms]
[2022-09-30T01:04:51.425Z] > git remote --verbose [1ms]
[2022-09-30T01:04:51.425Z] > git for-each-ref --sort -committerdate --format %(refname) %(objectname) %(*objectname) [6ms]
[2022-09-30T01:04:51.455Z] > git config --get commit.template [2ms]
[2022-09-30T01:04:56.585Z] > git status -z -uall [118ms]
[2022-09-30T01:04:56.591Z] > git symbolic-ref --short HEAD [1ms]
[2022-09-30T01:04:56.597Z] > git for-each-ref --format=%(refname)%00%(upstream:short)%00%(objectname)%00%(upstream:track)%00%(upstream:remotename)%00%(upstream:remoteref) refs/heads/master refs/remotes/master [0ms]
[2022-09-30T01:04:56.608Z] > git remote --verbose [1ms]
[2022-09-30T01:04:56.608Z] > git for-each-ref --sort -committerdate --format %(refname) %(objectname) %(*objectname) [6ms]
[2022-09-30T01:04:56.637Z] > git config --get commit.template [0ms]
[2022-09-30T01:05:01.796Z] > git status -z -uall [153ms]
[2022-09-30T01:05:01.803Z] > git symbolic-ref --short HEAD [2ms]
[2022-09-30T01:05:01.809Z] > git for-each-ref --format=%(refname)%00%(upstream:short)%00%(objectname)%00%(upstream:track)%00%(upstream:remotename)%00%(upstream:remoteref) refs/heads/master refs/remotes/master [0ms]
[2022-09-30T01:05:01.822Z] > git remote --verbose [1ms]
[2022-09-30T01:05:01.823Z] > git for-each-ref --sort -committerdate --format %(refname) %(objectname) %(*objectname) [7ms]
[2022-09-30T01:05:01.854Z] > git config --get commit.template [1ms]
[2022-09-30T01:05:02.853Z] > git check-ignore -v -z --stdin [2ms]
[2022-09-30T01:05:06.995Z] > git status -z -uall [131ms]
[2022-09-30T01:05:07.000Z] > git symbolic-ref --short HEAD [0ms]
[2022-09-30T01:05:07.006Z] > git for-each-ref --format=%(refname)%00%(upstream:short)%00%(objectname)%00%(upstream:track)%00%(upstream:remotename)%00%(upstream:remoteref) refs/heads/master refs/remotes/master [1ms]
[2022-09-30T01:05:07.015Z] > git remote --verbose [1ms]
[2022-09-30T01:05:07.015Z] > git for-each-ref --sort -committerdate --format %(refname) %(objectname) %(*objectname) [5ms]
[2022-09-30T01:05:07.048Z] > git config --get commit.template [1ms]
[2022-09-30T01:05:12.169Z] > git status -z -uall [116ms]
[2022-09-30T01:05:12.174Z] > git symbolic-ref --short HEAD [0ms]
[2022-09-30T01:05:12.179Z] > git for-each-ref --format=%(refname)%00%(upstream:short)%00%(objectname)%00%(upstream:track)%00%(upstream:remotename)%00%(upstream:remoteref) refs/heads/master refs/remotes/master [0ms]
[2022-09-30T01:05:12.188Z] > git remote --verbose [0ms]
[2022-09-30T01:05:12.189Z] > git for-each-ref --sort -committerdate --format %(refname) %(objectname) %(*objectname) [5ms]
[2022-09-30T01:05:12.216Z] > git config --get commit.template [1ms]
[2022-09-30T01:05:17.340Z] > git status -z -uall [117ms]
[2022-09-30T01:05:17.345Z] > git symbolic-ref --short HEAD [1ms]
[2022-09-30T01:05:17.352Z] > git for-each-ref --format=%(refname)%00%(upstream:short)%00%(objectname)%00%(upstream:track)%00%(upstream:remotename)%00%(upstream:remoteref) refs/heads/master refs/remotes/master [1ms]
[2022-09-30T01:05:17.363Z] > git for-each-ref --sort -committerdate --format %(refname) %(objectname) %(*objectname) [6ms]
[2022-09-30T01:05:17.363Z] > git remote --verbose [1ms]
[2022-09-30T01:05:17.390Z] > git config --get commit.template [0ms]
[2022-09-30T01:05:22.517Z] > git status -z -uall [117ms]
[2022-09-30T01:05:22.522Z] > git symbolic-ref --short HEAD [0ms]
[2022-09-30T01:05:22.527Z] > git for-each-ref --format=%(refname)%00%(upstream:short)%00%(objectname)%00%(upstream:track)%00%(upstream:remotename)%00%(upstream:remoteref) refs/heads/master refs/remotes/master [0ms]
[2022-09-30T01:05:22.538Z] > git remote --verbose [1ms]
[2022-09-30T01:05:22.539Z] > git for-each-ref --sort -committerdate --format %(refname) %(objectname) %(*objectname) [5ms]
[2022-09-30T01:05:22.565Z] > git config --get commit.template [0ms]
[2022-09-30T01:05:27.701Z] > git status -z -uall [124ms]
[2022-09-30T01:05:27.707Z] > git symbolic-ref --short HEAD [1ms]
[2022-09-30T01:05:27.712Z] > git for-each-ref --format=%(refname)%00%(upstream:short)%00%(objectname)%00%(upstream:track)%00%(upstream:remotename)%00%(upstream:remoteref) refs/heads/master refs/remotes/master [1ms]
[2022-09-30T01:05:27.721Z] > git remote --verbose [1ms]
[2022-09-30T01:05:27.722Z] > git for-each-ref --sort -committerdate --format %(refname) %(objectname) %(*objectname) [6ms]
[2022-09-30T01:05:27.756Z] > git config --get commit.template [2ms]
[2022-09-30T01:05:32.880Z] > git status -z -uall [117ms]
[2022-09-30T01:05:32.886Z] > git symbolic-ref --short HEAD [1ms]
[2022-09-30T01:05:32.892Z] > git for-each-ref --format=%(refname)%00%(upstream:short)%00%(objectname)%00%(upstream:track)%00%(upstream:remotename)%00%(upstream:remoteref) refs/heads/master refs/remotes/master [1ms]
[2022-09-30T01:05:32.901Z] > git remote --verbose [1ms]
[2022-09-30T01:05:32.901Z] > git for-each-ref --sort -committerdate --format %(refname) %(objectname) %(*objectname) [5ms]
[2022-09-30T01:05:32.929Z] > git config --get commit.template [0ms]
[2022-09-30T01:05:38.053Z] > git status -z -uall [115ms]
[2022-09-30T01:05:38.058Z] > git symbolic-ref --short HEAD [0ms]
[2022-09-30T01:05:38.064Z] > git for-each-ref --format=%(refname)%00%(upstream:short)%00%(objectname)%00%(upstream:track)%00%(upstream:remotename)%00%(upstream:remoteref) refs/heads/master refs/remotes/master [0ms]
[2022-09-30T01:05:38.074Z] > git remote --verbose [1ms]
[2022-09-30T01:05:38.074Z] > git for-each-ref --sort -committerdate --format %(refname) %(objectname) %(*objectname) [6ms]
[2022-09-30T01:05:38.102Z] > git config --get commit.template [1ms]
[2022-09-30T01:05:43.227Z] > git status -z -uall [116ms]
[2022-09-30T01:05:43.233Z] > git symbolic-ref --short HEAD [0ms]
[2022-09-30T01:05:43.238Z] > git for-each-ref --format=%(refname)%00%(upstream:short)%00%(objectname)%00%(upstream:track)%00%(upstream:remotename)%00%(upstream:remoteref) refs/heads/master refs/remotes/master [0ms]
[2022-09-30T01:05:43.247Z] > git remote --verbose [1ms]
[2022-09-30T01:05:43.247Z] > git for-each-ref --sort -committerdate --format %(refname) %(objectname) %(*objectname) [5ms]
[2022-09-30T01:05:43.276Z] > git config --get commit.template [1ms]
[2022-09-30T01:05:48.406Z] > git status -z -uall [117ms]
[2022-09-30T01:05:48.411Z] > git symbolic-ref --short HEAD [1ms]
[2022-09-30T01:05:48.416Z] > git for-each-ref --format=%(refname)%00%(upstream:short)%00%(objectname)%00%(upstream:track)%00%(upstream:remotename)%00%(upstream:remoteref) refs/heads/master refs/remotes/master [0ms]
[2022-09-30T01:05:48.427Z] > git remote --verbose [2ms]
[2022-09-30T01:05:48.427Z] > git for-each-ref --sort -committerdate --format %(refname) %(objectname) %(*objectname) [6ms]
[2022-09-30T01:05:48.454Z] > git config --get commit.template [0ms]
[2022-09-30T01:05:53.476Z] > git status -z -uall [12ms]
[2022-09-30T01:05:53.481Z] > git symbolic-ref --short HEAD [1ms]
[2022-09-30T01:05:53.487Z] > git for-each-ref --format=%(refname)%00%(upstream:short)%00%(objectname)%00%(upstream:track)%00%(upstream:remotename)%00%(upstream:remoteref) refs/heads/master refs/remotes/master [1ms]
[2022-09-30T01:05:53.498Z] > git remote --verbose [1ms]
[2022-09-30T01:05:53.499Z] > git for-each-ref --sort -committerdate --format %(refname) %(objectname) %(*objectname) [7ms]
[2022-09-30T01:05:53.530Z] > git config --get commit.template [1ms]
[2022-09-30T01:05:59.906Z] > git status -z -uall [24ms]
[2022-09-30T01:05:59.912Z] > git symbolic-ref --short HEAD [1ms]
[2022-09-30T01:05:59.919Z] > git for-each-ref --format=%(refname)%00%(upstream:short)%00%(objectname)%00%(upstream:track)%00%(upstream:remotename)%00%(upstream:remoteref) refs/heads/master refs/remotes/master [0ms]
[2022-09-30T01:05:59.931Z] > git for-each-ref --sort -committerdate --format %(refname) %(objectname) %(*objectname) [6ms]
[2022-09-30T01:05:59.931Z] > git remote --verbose [1ms]
[2022-09-30T01:05:59.960Z] > git config --get commit.template [0ms]
[2022-09-30T01:06:04.977Z] > git status -z -uall [11ms]
[2022-09-30T01:06:04.982Z] > git symbolic-ref --short HEAD [0ms]
[2022-09-30T01:06:04.987Z] > git for-each-ref --format=%(refname)%00%(upstream:short)%00%(objectname)%00%(upstream:track)%00%(upstream:remotename)%00%(upstream:remoteref) refs/heads/master refs/remotes/master [0ms]
[2022-09-30T01:06:04.996Z] > git remote --verbose [1ms]
[2022-09-30T01:06:04.998Z] > git for-each-ref --sort -committerdate --format %(refname) %(objectname) %(*objectname) [6ms]
[2022-09-30T01:06:05.040Z] > git config --get commit.template [1ms]
[2022-09-30T01:06:10.058Z] > git status -z -uall [11ms]
[2022-09-30T01:06:10.064Z] > git symbolic-ref --short HEAD [1ms]
[2022-09-30T01:06:10.070Z] > git for-each-ref --format=%(refname)%00%(upstream:short)%00%(objectname)%00%(upstream:track)%00%(upstream:remotename)%00%(upstream:remoteref) refs/heads/master refs/remotes/master [1ms]
[2022-09-30T01:06:10.079Z] > git for-each-ref --sort -committerdate --format %(refname) %(objectname) %(*objectname) [5ms]
[2022-09-30T01:06:10.079Z] > git remote --verbose [1ms]
[2022-09-30T01:06:10.106Z] > git config --get commit.template [1ms]
[2022-09-30T01:06:15.122Z] > git status -z -uall [11ms]
[2022-09-30T01:06:15.128Z] > git symbolic-ref --short HEAD [1ms]
[2022-09-30T01:06:15.134Z] > git for-each-ref --format=%(refname)%00%(upstream:short)%00%(objectname)%00%(upstream:track)%00%(upstream:remotename)%00%(upstream:remoteref) refs/heads/master refs/remotes/master [1ms]
[2022-09-30T01:06:15.144Z] > git remote --verbose [2ms]
[2022-09-30T01:06:15.144Z] > git for-each-ref --sort -committerdate --format %(refname) %(objectname) %(*objectname) [6ms]
[2022-09-30T01:06:15.172Z] > git config --get commit.template [0ms]
[2022-09-30T01:06:20.194Z] > git status -z -uall [13ms]
[2022-09-30T01:06:20.199Z] > git symbolic-ref --short HEAD [0ms]
[2022-09-30T01:06:20.207Z] > git for-each-ref --format=%(refname)%00%(upstream:short)%00%(objectname)%00%(upstream:track)%00%(upstream:remotename)%00%(upstream:remoteref) refs/heads/master refs/remotes/master [1ms]
[2022-09-30T01:06:20.216Z] > git remote --verbose [1ms]
[2022-09-30T01:06:20.216Z] > git for-each-ref --sort -committerdate --format %(refname) %(objectname) %(*objectname) [5ms]
[2022-09-30T01:06:20.245Z] > git config --get commit.template [1ms]
[2022-09-30T01:06:25.265Z] > git status -z -uall [12ms]
[2022-09-30T01:06:25.309Z] > git symbolic-ref --short HEAD [1ms]
[2022-09-30T01:06:25.315Z] > git for-each-ref --format=%(refname)%00%(upstream:short)%00%(objectname)%00%(upstream:track)%00%(upstream:remotename)%00%(upstream:remoteref) refs/heads/master refs/remotes/master [1ms]
[2022-09-30T01:06:25.326Z] > git for-each-ref --sort -committerdate --format %(refname) %(objectname) %(*objectname) [6ms]
[2022-09-30T01:06:25.326Z] > git remote --verbose [1ms]
[2022-09-30T01:06:25.357Z] > git config --get commit.template [1ms]
[2022-09-30T01:06:30.376Z] > git status -z -uall [12ms]
[2022-09-30T01:06:30.381Z] > git symbolic-ref --short HEAD [0ms]
[2022-09-30T01:06:30.387Z] > git for-each-ref --format=%(refname)%00%(upstream:short)%00%(objectname)%00%(upstream:track)%00%(upstream:remotename)%00%(upstream:remoteref) refs/heads/master refs/remotes/master [1ms]
[2022-09-30T01:06:30.396Z] > git for-each-ref --sort -committerdate --format %(refname) %(objectname) %(*objectname) [5ms]
[2022-09-30T01:06:30.397Z] > git remote --verbose [1ms]
[2022-09-30T01:06:30.426Z] > git config --get commit.template [1ms]
[2022-09-30T01:06:35.446Z] > git status -z -uall [11ms]
[2022-09-30T01:06:35.452Z] > git symbolic-ref --short HEAD [1ms]
[2022-09-30T01:06:35.457Z] > git for-each-ref --format=%(refname)%00%(upstream:short)%00%(objectname)%00%(upstream:track)%00%(upstream:remotename)%00%(upstream:remoteref) refs/heads/master refs/remotes/master [0ms]
[2022-09-30T01:06:35.466Z] > git remote --verbose [0ms]
[2022-09-30T01:06:35.467Z] > git for-each-ref --sort -committerdate --format %(refname) %(objectname) %(*objectname) [5ms]
[2022-09-30T01:06:35.495Z] > git config --get commit.template [0ms]
[2022-09-30T01:06:40.519Z] > git status -z -uall [13ms]
[2022-09-30T01:06:40.525Z] > git symbolic-ref --short HEAD [1ms]
[2022-09-30T01:06:40.530Z] > git for-each-ref --format=%(refname)%00%(upstream:short)%00%(objectname)%00%(upstream:track)%00%(upstream:remotename)%00%(upstream:remoteref) refs/heads/master refs/remotes/master [0ms]
[2022-09-30T01:06:40.540Z] > git remote --verbose [1ms]
[2022-09-30T01:06:40.540Z] > git for-each-ref --sort -committerdate --format %(refname) %(objectname) %(*objectname) [5ms]
[2022-09-30T01:06:40.568Z] > git config --get commit.template [1ms]
[2022-09-30T01:06:45.601Z] > git status -z -uall [22ms]
[2022-09-30T01:06:45.608Z] > git symbolic-ref --short HEAD [1ms]
[2022-09-30T01:06:45.614Z] > git for-each-ref --format=%(refname)%00%(upstream:short)%00%(objectname)%00%(upstream:track)%00%(upstream:remotename)%00%(upstream:remoteref) refs/heads/master refs/remotes/master [1ms]
[2022-09-30T01:06:45.625Z] > git remote --verbose [1ms]
[2022-09-30T01:06:45.625Z] > git for-each-ref --sort -committerdate --format %(refname) %(objectname) %(*objectname) [6ms]
[2022-09-30T01:06:45.654Z] > git config --get commit.template [1ms]
[2022-09-30T01:06:50.675Z] > git status -z -uall [12ms]
[2022-09-30T01:06:50.681Z] > git symbolic-ref --short HEAD [1ms]
[2022-09-30T01:06:50.686Z] > git for-each-ref --format=%(refname)%00%(upstream:short)%00%(objectname)%00%(upstream:track)%00%(upstream:remotename)%00%(upstream:remoteref) refs/heads/master refs/remotes/master [1ms]
[2022-09-30T01:06:50.695Z] > git remote --verbose [1ms]
[2022-09-30T01:06:50.695Z] > git for-each-ref --sort -committerdate --format %(refname) %(objectname) %(*objectname) [4ms]
[2022-09-30T01:06:50.723Z] > git config --get commit.template [1ms]
[2022-09-30T01:06:55.745Z] > git status -z -uall [12ms]
[2022-09-30T01:06:55.750Z] > git symbolic-ref --short HEAD [1ms]
[2022-09-30T01:06:55.756Z] > git for-each-ref --format=%(refname)%00%(upstream:short)%00%(objectname)%00%(upstream:track)%00%(upstream:remotename)%00%(upstream:remoteref) refs/heads/master refs/remotes/master [1ms]
[2022-09-30T01:06:55.765Z] > git for-each-ref --sort -committerdate --format %(refname) %(objectname) %(*objectname) [5ms]
[2022-09-30T01:06:55.765Z] > git remote --verbose [1ms]
[2022-09-30T01:06:55.793Z] > git config --get commit.template [1ms]
[2022-09-30T01:07:00.809Z] > git status -z -uall [11ms]
[2022-09-30T01:07:00.815Z] > git symbolic-ref --short HEAD [1ms]
[2022-09-30T01:07:00.820Z] > git for-each-ref --format=%(refname)%00%(upstream:short)%00%(objectname)%00%(upstream:track)%00%(upstream:remotename)%00%(upstream:remoteref) refs/heads/master refs/remotes/master [1ms]
[2022-09-30T01:07:00.829Z] > git for-each-ref --sort -committerdate --format %(refname) %(objectname) %(*objectname) [5ms]
[2022-09-30T01:07:00.829Z] > git remote --verbose [1ms]
[2022-09-30T01:07:00.863Z] > git config --get commit.template [1ms]
[2022-09-30T01:07:05.894Z] > git status -z -uall [19ms]
[2022-09-30T01:07:05.902Z] > git symbolic-ref --short HEAD [2ms]
[2022-09-30T01:07:05.907Z] > git for-each-ref --format=%(refname)%00%(upstream:short)%00%(objectname)%00%(upstream:track)%00%(upstream:remotename)%00%(upstream:remoteref) refs/heads/master refs/remotes/master [0ms]
[2022-09-30T01:07:05.917Z] > git remote --verbose [1ms]
[2022-09-30T01:07:05.918Z] > git for-each-ref --sort -committerdate --format %(refname) %(objectname) %(*objectname) [6ms]
[2022-09-30T01:07:05.945Z] > git config --get commit.template [0ms]
