[2022-09-29 22:07:32.348] [exthost] [info] Extension host with pid 2926 started
[2022-09-29 22:07:32.530] [exthost] [info] ExtensionService#_doActivateExtension vscode.debug-auto-launch, startup: true, activationEvent: '*'
[2022-09-29 22:07:32.565] [exthost] [info] ExtensionService#_doActivateExtension vscode.git-base, startup: true, activationEvent: '*', root cause: vscode.git
[2022-09-29 22:07:32.569] [exthost] [info] ExtensionService#_doActivateExtension vscode.ipynb, startup: true, activationEvent: '*'
[2022-09-29 22:07:32.591] [exthost] [info] Lock '/home/julio/.vscode-server/data/User/workspaceStorage/3aca253ad935397f53a4452369efad96/vscode.lock': Lock acquired.
[2022-09-29 22:07:32.653] [exthost] [info] ExtensionService#_doActivateExtension vscode.git, startup: true, activationEvent: '*'
[2022-09-29 22:07:33.425] [exthost] [info] ExtensionService#_doActivateExtension vscode.github, startup: true, activationEvent: '*'
[2022-09-29 22:07:33.516] [exthost] [info] ExtensionService#_doActivateExtension vscode.emmet, startup: false, activationEvent: 'onStartupFinished'
[2022-09-29 22:07:33.544] [exthost] [info] ExtensionService#_doActivateExtension vscode.merge-conflict, startup: false, activationEvent: 'onStartupFinished'
[2022-09-29 22:07:33.549] [exthost] [info] Eager extensions activated
[2022-09-29 22:07:33.923] [exthost] [warning] [Decorations] CAPPING events from decorations provider vscode.git 2605
[2022-09-29 22:07:34.412] [exthost] [warning] [Decorations] CAPPING events from decorations provider vscode.git 2605
[2022-09-29 22:07:37.013] [exthost] [warning] [Decorations] CAPPING events from decorations provider vscode.git 2605
[2022-09-29 22:07:39.462] [exthost] [info] ExtensionService#_doActivateExtension ms-vscode.cpptools, startup: false, activationEvent: 'onLanguage:cpp'
[2022-09-29 22:07:42.162] [exthost] [warning] [Decorations] CAPPING events from decorations provider vscode.git 2606
[2022-09-29 22:07:49.170] [exthost] [warning] [Decorations] CAPPING events from decorations provider vscode.git 2606
[2022-09-29 22:07:54.405] [exthost] [warning] [Decorations] CAPPING events from decorations provider vscode.git 2606
[2022-09-29 22:07:59.677] [exthost] [warning] [Decorations] CAPPING events from decorations provider vscode.git 2606
[2022-09-29 22:08:00.134] [exthost] [info] ExtensionService#_doActivateExtension vscode.extension-editing, startup: false, activationEvent: 'onLanguage:markdown'
[2022-09-29 22:08:00.162] [exthost] [info] ExtensionService#_doActivateExtension vscode.markdown-language-features, startup: false, activationEvent: 'onLanguage:markdown'
[2022-09-29 22:08:00.748] [exthost] [info] ExtensionService#_doActivateExtension vscode.markdown-math, startup: false, activationEvent: 'api', root cause: vscode.markdown-language-features
[2022-09-29 22:08:05.869] [exthost] [warning] [Decorations] CAPPING events from decorations provider vscode.git 2608
[2022-09-29 22:08:11.092] [exthost] [warning] [Decorations] CAPPING events from decorations provider vscode.git 2608
[2022-09-29 22:08:17.698] [exthost] [warning] [Decorations] CAPPING events from decorations provider vscode.git 2608
[2022-09-29 22:08:22.937] [exthost] [warning] [Decorations] CAPPING events from decorations provider vscode.git 2608
[2022-09-29 22:08:28.168] [exthost] [warning] [Decorations] CAPPING events from decorations provider vscode.git 2608
[2022-09-29 22:08:33.408] [exthost] [warning] [Decorations] CAPPING events from decorations provider vscode.git 2608
[2022-09-29 22:08:38.486] [exthost] [warning] [Decorations] CAPPING events from decorations provider vscode.git 2608
[2022-09-29 22:08:43.577] [exthost] [warning] [Decorations] CAPPING events from decorations provider vscode.git 2607
[2022-09-29 22:08:48.663] [exthost] [warning] [Decorations] CAPPING events from decorations provider vscode.git 2607
[2022-09-29 22:08:53.749] [exthost] [warning] [Decorations] CAPPING events from decorations provider vscode.git 2607
[2022-09-29 22:08:58.850] [exthost] [warning] [Decorations] CAPPING events from decorations provider vscode.git 2607
[2022-09-29 22:09:03.976] [exthost] [warning] [Decorations] CAPPING events from decorations provider vscode.git 2607
[2022-09-29 22:09:09.097] [exthost] [warning] [Decorations] CAPPING events from decorations provider vscode.git 2607
[2022-09-29 22:09:14.178] [exthost] [warning] [Decorations] CAPPING events from decorations provider vscode.git 2607
[2022-09-29 22:09:19.254] [exthost] [warning] [Decorations] CAPPING events from decorations provider vscode.git 2607
[2022-09-29 22:09:24.322] [exthost] [warning] [Decorations] CAPPING events from decorations provider vscode.git 2607
[2022-09-29 22:09:29.427] [exthost] [warning] [Decorations] CAPPING events from decorations provider vscode.git 2607
[2022-09-29 22:09:34.506] [exthost] [warning] [Decorations] CAPPING events from decorations provider vscode.git 2607
[2022-09-29 22:09:39.592] [exthost] [warning] [Decorations] CAPPING events from decorations provider vscode.git 2607
[2022-09-29 22:09:44.708] [exthost] [warning] [Decorations] CAPPING events from decorations provider vscode.git 2607
[2022-09-29 22:10:02.285] [exthost] [warning] [Decorations] CAPPING events from decorations provider vscode.git 2607
[2022-09-29 22:10:07.359] [exthost] [warning] [Decorations] CAPPING events from decorations provider vscode.git 2607
[2022-09-29 22:10:12.453] [exthost] [warning] [Decorations] CAPPING events from decorations provider vscode.git 2607
[2022-09-29 22:10:17.550] [exthost] [warning] [Decorations] CAPPING events from decorations provider vscode.git 2607
[2022-09-29 22:10:22.643] [exthost] [warning] [Decorations] CAPPING events from decorations provider vscode.git 2607
[2022-09-29 22:10:27.768] [exthost] [warning] [Decorations] CAPPING events from decorations provider vscode.git 2607
[2022-09-29 22:10:32.844] [exthost] [warning] [Decorations] CAPPING events from decorations provider vscode.git 2607
[2022-09-29 22:10:37.944] [exthost] [warning] [Decorations] CAPPING events from decorations provider vscode.git 2607
[2022-09-29 22:10:43.021] [exthost] [warning] [Decorations] CAPPING events from decorations provider vscode.git 2607
[2022-09-29 22:10:48.127] [exthost] [warning] [Decorations] CAPPING events from decorations provider vscode.git 2607
[2022-09-29 22:10:53.202] [exthost] [warning] [Decorations] CAPPING events from decorations provider vscode.git 2607
[2022-09-29 22:10:58.272] [exthost] [warning] [Decorations] CAPPING events from decorations provider vscode.git 2607
[2022-09-29 22:11:06.706] [exthost] [warning] [Decorations] CAPPING events from decorations provider vscode.git 2607
[2022-09-29 22:11:11.776] [exthost] [warning] [Decorations] CAPPING events from decorations provider vscode.git 2607
[2022-09-29 22:11:16.873] [exthost] [warning] [Decorations] CAPPING events from decorations provider vscode.git 2607
[2022-09-29 22:11:21.952] [exthost] [warning] [Decorations] CAPPING events from decorations provider vscode.git 2607
[2022-09-29 22:11:27.026] [exthost] [warning] [Decorations] CAPPING events from decorations provider vscode.git 2607
[2022-09-29 22:11:32.104] [exthost] [warning] [Decorations] CAPPING events from decorations provider vscode.git 2607
[2022-09-29 22:11:37.183] [exthost] [warning] [Decorations] CAPPING events from decorations provider vscode.git 2607
[2022-09-29 22:11:42.253] [exthost] [warning] [Decorations] CAPPING events from decorations provider vscode.git 2607
[2022-09-29 22:11:47.336] [exthost] [warning] [Decorations] CAPPING events from decorations provider vscode.git 2607
[2022-09-29 22:11:52.419] [exthost] [warning] [Decorations] CAPPING events from decorations provider vscode.git 2607
[2022-09-29 22:11:57.490] [exthost] [warning] [Decorations] CAPPING events from decorations provider vscode.git 2607
[2022-09-29 22:12:03.883] [exthost] [warning] [Decorations] CAPPING events from decorations provider vscode.git 2607
[2022-09-29 22:12:08.952] [exthost] [warning] [Decorations] CAPPING events from decorations provider vscode.git 2607
[2022-09-29 22:12:14.029] [exthost] [warning] [Decorations] CAPPING events from decorations provider vscode.git 2607
[2022-09-29 22:12:19.113] [exthost] [warning] [Decorations] CAPPING events from decorations provider vscode.git 2607
[2022-09-29 22:12:24.183] [exthost] [warning] [Decorations] CAPPING events from decorations provider vscode.git 2607
[2022-09-29 22:12:29.278] [exthost] [warning] [Decorations] CAPPING events from decorations provider vscode.git 2607
[2022-09-29 22:12:34.920] [exthost] [warning] [Decorations] CAPPING events from decorations provider vscode.git 2607
[2022-09-29 22:12:53.284] [exthost] [warning] [Decorations] CAPPING events from decorations provider vscode.git 2607
[2022-09-29 22:12:58.359] [exthost] [warning] [Decorations] CAPPING events from decorations provider vscode.git 2607
[2022-09-29 22:13:05.103] [exthost] [warning] [Decorations] CAPPING events from decorations provider vscode.git 2607
[2022-09-29 22:13:16.187] [exthost] [warning] [Decorations] CAPPING events from decorations provider vscode.git 2607
[2022-09-29 22:13:17.123] [exthost] [info] Extension host terminating: received terminate message from renderer
[2022-09-29 22:13:17.124] [exthost] [info] Lock '/home/julio/.vscode-server/data/User/workspaceStorage/3aca253ad935397f53a4452369efad96/vscode.lock': Marking the lockfile as scheduled to be released in 6000 ms.
[2022-09-29 22:13:17.176] [exthost] [info] Extension host with pid 2926 exiting with code 0
