[2022-09-24T15:43:10.780Z] Log level: Info
[2022-09-24T15:43:10.790Z] [info] Validating found git in: git
[2022-09-24T15:43:10.828Z] [info] Using git 2.25.1 from git
[2022-09-24T15:43:10.895Z] > git rev-parse --show-toplevel [45ms]
[2022-09-24T15:43:10.895Z] fatal: not a git repository (or any of the parent directories): .git
[2022-09-24T15:43:10.910Z] > git rev-parse --show-toplevel [2ms]
[2022-09-24T15:43:10.910Z] fatal: not a git repository (or any of the parent directories): .git
[2022-09-24T15:43:10.953Z] > git rev-parse --show-toplevel [36ms]
[2022-09-24T15:43:10.953Z] fatal: not a git repository (or any of the parent directories): .git
[2022-09-24T15:43:10.963Z] > git rev-parse --show-toplevel [3ms]
[2022-09-24T15:43:10.963Z] fatal: not a git repository (or any of the parent directories): .git
[2022-09-24T15:43:11.357Z] > git rev-parse --show-toplevel [6ms]
[2022-09-24T15:43:11.357Z] fatal: not a git repository (or any of the parent directories): .git
[2022-09-24T15:43:21.862Z] > git rev-parse --show-toplevel [2ms]
[2022-09-24T15:43:21.862Z] fatal: not a git repository (or any of the parent directories): .git
[2022-09-24T15:43:35.167Z] > git rev-parse --show-toplevel [5ms]
[2022-09-24T15:43:35.167Z] fatal: not a git repository (or any of the parent directories): .git
[2022-09-24T15:43:49.783Z] > git rev-parse --show-toplevel [1ms]
[2022-09-24T15:43:49.783Z] fatal: not a git repository (or any of the parent directories): .git
[2022-09-24T15:43:49.851Z] > git rev-parse --show-toplevel [4ms]
[2022-09-24T15:43:49.851Z] fatal: not a git repository (or any of the parent directories): .git
